
*** Running vivado
    with args -log nn0_v1_0.vds -m64 -product Vivado -mode batch -messageDb vivado.pb -notrace -source nn0_v1_0.tcl


****** Vivado v2016.4 (64-bit)
  **** SW Build 1756540 on Mon Jan 23 19:11:19 MST 2017
  **** IP Build 1755317 on Mon Jan 23 20:30:07 MST 2017
    ** Copyright 1986-2016 Xilinx, Inc. All Rights Reserved.

source nn0_v1_0.tcl -notrace
Command: synth_design -top nn0_v1_0 -part xc7z010clg400-1
Starting synth_design
Attempting to get a license for feature 'Synthesis' and/or device 'xc7z010'
INFO: [Common 17-349] Got license for feature 'Synthesis' and/or device 'xc7z010'
INFO: Launching helper process for spawning children vivado processes
INFO: Helper process launched with PID 21357 
---------------------------------------------------------------------------------
Starting Synthesize : Time (s): cpu = 00:00:13 ; elapsed = 00:00:19 . Memory (MB): peak = 1084.555 ; gain = 158.082 ; free physical = 22814 ; free virtual = 39320
---------------------------------------------------------------------------------
INFO: [Synth 8-638] synthesizing module 'nn0_v1_0' [/auto/homes/yaz21/P35_clean/v3/rtl/ip_repo/nn0_1.0/hdl/nn0_v1_0.v:4]
	Parameter C_S00_AXI_DATA_WIDTH bound to: 32 - type: integer 
	Parameter C_S00_AXI_ADDR_WIDTH bound to: 4 - type: integer 
INFO: [Synth 8-638] synthesizing module 'nn0_v1_0_S00_AXI' [/auto/homes/yaz21/P35_clean/v3/rtl/ip_repo/nn0_1.0/hdl/nn0_v1_0_S00_AXI.v:4]
	Parameter C_S_AXI_DATA_WIDTH bound to: 32 - type: integer 
	Parameter C_S_AXI_ADDR_WIDTH bound to: 4 - type: integer 
	Parameter ADDR_LSB bound to: 2 - type: integer 
	Parameter OPT_MEM_ADDR_BITS bound to: 1 - type: integer 
INFO: [Synth 8-226] default block is never used [/auto/homes/yaz21/P35_clean/v3/rtl/ip_repo/nn0_1.0/hdl/nn0_v1_0_S00_AXI.v:223]
INFO: [Synth 8-226] default block is never used [/auto/homes/yaz21/P35_clean/v3/rtl/ip_repo/nn0_1.0/hdl/nn0_v1_0_S00_AXI.v:366]
INFO: [Synth 8-638] synthesizing module 'multple_mat' [/auto/homes/yaz21/P35_clean/v3/rtl/ip_repo/nn0_1.0/src/multiple_mat.v:1]
	Parameter WIDTH bound to: 8 - type: integer 
	Parameter MULT_LATENCY bound to: 3 - type: integer 
	Parameter NUM_MULT bound to: 4 - type: integer 
	Parameter START bound to: 2'b00 
	Parameter CNT_PROCESS bound to: 2'b01 
	Parameter DONE bound to: 2'b10 
INFO: [Synth 8-638] synthesizing module 'p_multiplier' [/auto/homes/yaz21/P35_clean/v3/rtl/ip_repo/nn0_1.0/src/p_multiplier.v:4]
	Parameter WIDTH bound to: 8 - type: integer 
	Parameter MULT_LATENCY bound to: 3 - type: integer 
INFO: [Synth 8-256] done synthesizing module 'p_multiplier' (1#1) [/auto/homes/yaz21/P35_clean/v3/rtl/ip_repo/nn0_1.0/src/p_multiplier.v:4]
WARNING: [Synth 8-5856] 3D RAM A1_reg  for this pattern/configuration is not supported. This will most likely be implemented in registers
WARNING: [Synth 8-5856] 3D RAM B1_reg  for this pattern/configuration is not supported. This will most likely be implemented in registers
WARNING: [Synth 8-5856] 3D RAM C_reg  for this pattern/configuration is not supported. This will most likely be implemented in registers
WARNING: [Synth 8-5856] 3D RAM D_reg  for this pattern/configuration is not supported. This will most likely be implemented in registers
WARNING: [Synth 8-5856] 3D RAM E_reg  for this pattern/configuration is not supported. This will most likely be implemented in registers
WARNING: [Synth 8-3848] Net sum_l10[1][1] in module/entity multple_mat does not have driver. [/auto/homes/yaz21/P35_clean/v3/rtl/ip_repo/nn0_1.0/src/multiple_mat.v:276]
WARNING: [Synth 8-3848] Net sum_l10[1][0] in module/entity multple_mat does not have driver. [/auto/homes/yaz21/P35_clean/v3/rtl/ip_repo/nn0_1.0/src/multiple_mat.v:276]
WARNING: [Synth 8-3848] Net sum_l10[0][1] in module/entity multple_mat does not have driver. [/auto/homes/yaz21/P35_clean/v3/rtl/ip_repo/nn0_1.0/src/multiple_mat.v:276]
WARNING: [Synth 8-3848] Net sum_l10[0][0] in module/entity multple_mat does not have driver. [/auto/homes/yaz21/P35_clean/v3/rtl/ip_repo/nn0_1.0/src/multiple_mat.v:276]
INFO: [Synth 8-256] done synthesizing module 'multple_mat' (2#1) [/auto/homes/yaz21/P35_clean/v3/rtl/ip_repo/nn0_1.0/src/multiple_mat.v:1]
INFO: [Synth 8-256] done synthesizing module 'nn0_v1_0_S00_AXI' (3#1) [/auto/homes/yaz21/P35_clean/v3/rtl/ip_repo/nn0_1.0/hdl/nn0_v1_0_S00_AXI.v:4]
INFO: [Synth 8-256] done synthesizing module 'nn0_v1_0' (4#1) [/auto/homes/yaz21/P35_clean/v3/rtl/ip_repo/nn0_1.0/hdl/nn0_v1_0.v:4]
WARNING: [Synth 8-3331] design multple_mat has unconnected port Res[31]
WARNING: [Synth 8-3331] design multple_mat has unconnected port Res[30]
WARNING: [Synth 8-3331] design multple_mat has unconnected port Res[29]
WARNING: [Synth 8-3331] design multple_mat has unconnected port Res[28]
WARNING: [Synth 8-3331] design multple_mat has unconnected port Res[27]
WARNING: [Synth 8-3331] design multple_mat has unconnected port Res[26]
WARNING: [Synth 8-3331] design multple_mat has unconnected port Res[25]
WARNING: [Synth 8-3331] design multple_mat has unconnected port Res[24]
WARNING: [Synth 8-3331] design multple_mat has unconnected port Res[23]
WARNING: [Synth 8-3331] design multple_mat has unconnected port Res[22]
WARNING: [Synth 8-3331] design multple_mat has unconnected port Res[21]
WARNING: [Synth 8-3331] design multple_mat has unconnected port Res[20]
WARNING: [Synth 8-3331] design multple_mat has unconnected port Res[19]
WARNING: [Synth 8-3331] design multple_mat has unconnected port Res[18]
WARNING: [Synth 8-3331] design multple_mat has unconnected port Res[17]
WARNING: [Synth 8-3331] design multple_mat has unconnected port Res[16]
WARNING: [Synth 8-3331] design multple_mat has unconnected port Res[15]
WARNING: [Synth 8-3331] design multple_mat has unconnected port Res[14]
WARNING: [Synth 8-3331] design multple_mat has unconnected port Res[13]
WARNING: [Synth 8-3331] design multple_mat has unconnected port Res[12]
WARNING: [Synth 8-3331] design multple_mat has unconnected port Res[11]
WARNING: [Synth 8-3331] design multple_mat has unconnected port Res[10]
WARNING: [Synth 8-3331] design multple_mat has unconnected port Res[9]
WARNING: [Synth 8-3331] design multple_mat has unconnected port Res[8]
WARNING: [Synth 8-3331] design multple_mat has unconnected port Res[7]
WARNING: [Synth 8-3331] design multple_mat has unconnected port Res[6]
WARNING: [Synth 8-3331] design multple_mat has unconnected port Res[5]
WARNING: [Synth 8-3331] design multple_mat has unconnected port Res[4]
WARNING: [Synth 8-3331] design multple_mat has unconnected port Res[3]
WARNING: [Synth 8-3331] design multple_mat has unconnected port Res[2]
WARNING: [Synth 8-3331] design multple_mat has unconnected port Res[1]
WARNING: [Synth 8-3331] design multple_mat has unconnected port Res[0]
WARNING: [Synth 8-3331] design nn0_v1_0_S00_AXI has unconnected port S_AXI_AWPROT[2]
WARNING: [Synth 8-3331] design nn0_v1_0_S00_AXI has unconnected port S_AXI_AWPROT[1]
WARNING: [Synth 8-3331] design nn0_v1_0_S00_AXI has unconnected port S_AXI_AWPROT[0]
WARNING: [Synth 8-3331] design nn0_v1_0_S00_AXI has unconnected port S_AXI_ARPROT[2]
WARNING: [Synth 8-3331] design nn0_v1_0_S00_AXI has unconnected port S_AXI_ARPROT[1]
WARNING: [Synth 8-3331] design nn0_v1_0_S00_AXI has unconnected port S_AXI_ARPROT[0]
---------------------------------------------------------------------------------
Finished Synthesize : Time (s): cpu = 00:00:15 ; elapsed = 00:00:21 . Memory (MB): peak = 1125.148 ; gain = 198.676 ; free physical = 22764 ; free virtual = 39275
---------------------------------------------------------------------------------
---------------------------------------------------------------------------------
Finished Constraint Validation : Time (s): cpu = 00:00:15 ; elapsed = 00:00:21 . Memory (MB): peak = 1125.148 ; gain = 198.676 ; free physical = 22764 ; free virtual = 39276
---------------------------------------------------------------------------------
---------------------------------------------------------------------------------
Start Loading Part and Timing Information
---------------------------------------------------------------------------------
Loading part: xc7z010clg400-1
---------------------------------------------------------------------------------
Finished Loading Part and Timing Information : Time (s): cpu = 00:00:15 ; elapsed = 00:00:21 . Memory (MB): peak = 1133.090 ; gain = 206.617 ; free physical = 22764 ; free virtual = 39277
---------------------------------------------------------------------------------
INFO: [Device 21-403] Loading part xc7z010clg400-1
---------------------------------------------------------------------------------
Finished RTL Optimization Phase 2 : Time (s): cpu = 00:00:15 ; elapsed = 00:00:21 . Memory (MB): peak = 1141.098 ; gain = 214.625 ; free physical = 22754 ; free virtual = 39270
---------------------------------------------------------------------------------

Report RTL Partitions: 
+-+--------------+------------+----------+
| |RTL Partition |Replication |Instances |
+-+--------------+------------+----------+
+-+--------------+------------+----------+
No constraint files found.
---------------------------------------------------------------------------------
Start RTL Component Statistics 
---------------------------------------------------------------------------------
Detailed RTL Component Info : 
+---Adders : 
	   2 Input     13 Bit       Adders := 1     
	   2 Input      8 Bit       Adders := 64    
+---Registers : 
	               32 Bit    Registers := 2     
	               16 Bit    Registers := 72    
	               13 Bit    Registers := 1     
	                8 Bit    Registers := 216   
	                4 Bit    Registers := 2     
	                2 Bit    Registers := 3     
	                1 Bit    Registers := 7     
+---Muxes : 
	   2 Input     32 Bit        Muxes := 1     
	   4 Input     32 Bit        Muxes := 2     
	   4 Input     13 Bit        Muxes := 1     
	   4 Input      2 Bit        Muxes := 1     
	   4 Input      1 Bit        Muxes := 3     
	   2 Input      1 Bit        Muxes := 4     
---------------------------------------------------------------------------------
Finished RTL Component Statistics 
---------------------------------------------------------------------------------
---------------------------------------------------------------------------------
Start RTL Hierarchical Component Statistics 
---------------------------------------------------------------------------------
Hierarchical RTL Component report 
Module p_multiplier 
Detailed RTL Component Info : 
+---Registers : 
	               16 Bit    Registers := 1     
	                8 Bit    Registers := 3     
Module multple_mat 
Detailed RTL Component Info : 
+---Adders : 
	   2 Input     13 Bit       Adders := 1     
	   2 Input      8 Bit       Adders := 64    
+---Registers : 
	               13 Bit    Registers := 1     
	                2 Bit    Registers := 1     
+---Muxes : 
	   4 Input     13 Bit        Muxes := 1     
	   4 Input      2 Bit        Muxes := 1     
	   4 Input      1 Bit        Muxes := 3     
Module nn0_v1_0_S00_AXI 
Detailed RTL Component Info : 
+---Registers : 
	               32 Bit    Registers := 2     
	                4 Bit    Registers := 2     
	                2 Bit    Registers := 2     
	                1 Bit    Registers := 7     
+---Muxes : 
	   2 Input     32 Bit        Muxes := 1     
	   4 Input     32 Bit        Muxes := 2     
	   2 Input      1 Bit        Muxes := 4     
---------------------------------------------------------------------------------
Finished RTL Hierarchical Component Statistics
---------------------------------------------------------------------------------
---------------------------------------------------------------------------------
Start Part Resource Summary
---------------------------------------------------------------------------------
Part Resources:
DSPs: 80 (col length:40)
BRAMs: 120 (col length: RAMB18 40 RAMB36 20)
---------------------------------------------------------------------------------
Finished Part Resource Summary
---------------------------------------------------------------------------------
No constraint files found.
---------------------------------------------------------------------------------
Start Cross Boundary and Area Optimization
---------------------------------------------------------------------------------
DSP Report: Generating DSP M_reg[3], operation Mode is: (A''*B'')'.
DSP Report: register M_reg[0] is absorbed into DSP M_reg[3].
DSP Report: register M_reg[1] is absorbed into DSP M_reg[3].
DSP Report: register M_reg[0] is absorbed into DSP M_reg[3].
DSP Report: register M_reg[1] is absorbed into DSP M_reg[3].
DSP Report: register M_reg[3] is absorbed into DSP M_reg[3].
DSP Report: register M_reg[2] is absorbed into DSP M_reg[3].
DSP Report: operator p_0_out is absorbed into DSP M_reg[3].
DSP Report: Generating DSP M_reg[3], operation Mode is: (A''*B'')'.
DSP Report: register M_reg[0] is absorbed into DSP M_reg[3].
DSP Report: register M_reg[1] is absorbed into DSP M_reg[3].
DSP Report: register M_reg[0] is absorbed into DSP M_reg[3].
DSP Report: register M_reg[1] is absorbed into DSP M_reg[3].
DSP Report: register M_reg[3] is absorbed into DSP M_reg[3].
DSP Report: register M_reg[2] is absorbed into DSP M_reg[3].
DSP Report: operator p_0_out is absorbed into DSP M_reg[3].
DSP Report: Generating DSP M_reg[3], operation Mode is: (A''*B'')'.
DSP Report: register M_reg[0] is absorbed into DSP M_reg[3].
DSP Report: register M_reg[1] is absorbed into DSP M_reg[3].
DSP Report: register M_reg[0] is absorbed into DSP M_reg[3].
DSP Report: register M_reg[1] is absorbed into DSP M_reg[3].
DSP Report: register M_reg[3] is absorbed into DSP M_reg[3].
DSP Report: register M_reg[2] is absorbed into DSP M_reg[3].
DSP Report: operator p_0_out is absorbed into DSP M_reg[3].
DSP Report: Generating DSP M_reg[3], operation Mode is: (A''*B'')'.
DSP Report: register M_reg[0] is absorbed into DSP M_reg[3].
DSP Report: register M_reg[1] is absorbed into DSP M_reg[3].
DSP Report: register M_reg[0] is absorbed into DSP M_reg[3].
DSP Report: register M_reg[1] is absorbed into DSP M_reg[3].
DSP Report: register M_reg[3] is absorbed into DSP M_reg[3].
DSP Report: register M_reg[2] is absorbed into DSP M_reg[3].
DSP Report: operator p_0_out is absorbed into DSP M_reg[3].
DSP Report: Generating DSP M_reg[3], operation Mode is: (A''*B'')'.
DSP Report: register M_reg[0] is absorbed into DSP M_reg[3].
DSP Report: register M_reg[1] is absorbed into DSP M_reg[3].
DSP Report: register M_reg[0] is absorbed into DSP M_reg[3].
DSP Report: register M_reg[1] is absorbed into DSP M_reg[3].
DSP Report: register M_reg[3] is absorbed into DSP M_reg[3].
DSP Report: register M_reg[2] is absorbed into DSP M_reg[3].
DSP Report: operator p_0_out is absorbed into DSP M_reg[3].
DSP Report: Generating DSP M_reg[3], operation Mode is: (A''*B'')'.
DSP Report: register M_reg[0] is absorbed into DSP M_reg[3].
DSP Report: register M_reg[1] is absorbed into DSP M_reg[3].
DSP Report: register M_reg[0] is absorbed into DSP M_reg[3].
DSP Report: register M_reg[1] is absorbed into DSP M_reg[3].
DSP Report: register M_reg[3] is absorbed into DSP M_reg[3].
DSP Report: register M_reg[2] is absorbed into DSP M_reg[3].
DSP Report: operator p_0_out is absorbed into DSP M_reg[3].
DSP Report: Generating DSP M_reg[3], operation Mode is: (A''*B'')'.
DSP Report: register M_reg[0] is absorbed into DSP M_reg[3].
DSP Report: register M_reg[1] is absorbed into DSP M_reg[3].
DSP Report: register M_reg[0] is absorbed into DSP M_reg[3].
DSP Report: register M_reg[1] is absorbed into DSP M_reg[3].
DSP Report: register M_reg[3] is absorbed into DSP M_reg[3].
DSP Report: register M_reg[2] is absorbed into DSP M_reg[3].
DSP Report: operator p_0_out is absorbed into DSP M_reg[3].
DSP Report: Generating DSP M_reg[3], operation Mode is: (A''*B'')'.
DSP Report: register M_reg[0] is absorbed into DSP M_reg[3].
DSP Report: register M_reg[1] is absorbed into DSP M_reg[3].
DSP Report: register M_reg[0] is absorbed into DSP M_reg[3].
DSP Report: register M_reg[1] is absorbed into DSP M_reg[3].
DSP Report: register M_reg[3] is absorbed into DSP M_reg[3].
DSP Report: register M_reg[2] is absorbed into DSP M_reg[3].
DSP Report: operator p_0_out is absorbed into DSP M_reg[3].
DSP Report: Generating DSP M_reg[3], operation Mode is: (A''*B'')'.
DSP Report: register M_reg[0] is absorbed into DSP M_reg[3].
DSP Report: register M_reg[1] is absorbed into DSP M_reg[3].
DSP Report: register M_reg[0] is absorbed into DSP M_reg[3].
DSP Report: register M_reg[1] is absorbed into DSP M_reg[3].
DSP Report: register M_reg[3] is absorbed into DSP M_reg[3].
DSP Report: register M_reg[2] is absorbed into DSP M_reg[3].
DSP Report: operator p_0_out is absorbed into DSP M_reg[3].
DSP Report: Generating DSP M_reg[3], operation Mode is: (A''*B'')'.
DSP Report: register M_reg[0] is absorbed into DSP M_reg[3].
DSP Report: register M_reg[1] is absorbed into DSP M_reg[3].
DSP Report: register M_reg[0] is absorbed into DSP M_reg[3].
DSP Report: register M_reg[1] is absorbed into DSP M_reg[3].
DSP Report: register M_reg[3] is absorbed into DSP M_reg[3].
DSP Report: register M_reg[2] is absorbed into DSP M_reg[3].
DSP Report: operator p_0_out is absorbed into DSP M_reg[3].
DSP Report: Generating DSP M_reg[3], operation Mode is: (A''*B'')'.
DSP Report: register M_reg[0] is absorbed into DSP M_reg[3].
DSP Report: register M_reg[1] is absorbed into DSP M_reg[3].
DSP Report: register M_reg[0] is absorbed into DSP M_reg[3].
DSP Report: register M_reg[1] is absorbed into DSP M_reg[3].
DSP Report: register M_reg[3] is absorbed into DSP M_reg[3].
DSP Report: register M_reg[2] is absorbed into DSP M_reg[3].
DSP Report: operator p_0_out is absorbed into DSP M_reg[3].
DSP Report: Generating DSP M_reg[3], operation Mode is: (A''*B'')'.
DSP Report: register M_reg[0] is absorbed into DSP M_reg[3].
DSP Report: register M_reg[1] is absorbed into DSP M_reg[3].
DSP Report: register M_reg[0] is absorbed into DSP M_reg[3].
DSP Report: register M_reg[1] is absorbed into DSP M_reg[3].
DSP Report: register M_reg[3] is absorbed into DSP M_reg[3].
DSP Report: register M_reg[2] is absorbed into DSP M_reg[3].
DSP Report: operator p_0_out is absorbed into DSP M_reg[3].
DSP Report: Generating DSP M_reg[3], operation Mode is: (A''*B'')'.
DSP Report: register M_reg[0] is absorbed into DSP M_reg[3].
DSP Report: register M_reg[1] is absorbed into DSP M_reg[3].
DSP Report: register M_reg[0] is absorbed into DSP M_reg[3].
DSP Report: register M_reg[1] is absorbed into DSP M_reg[3].
DSP Report: register M_reg[3] is absorbed into DSP M_reg[3].
DSP Report: register M_reg[2] is absorbed into DSP M_reg[3].
DSP Report: operator p_0_out is absorbed into DSP M_reg[3].
DSP Report: Generating DSP M_reg[3], operation Mode is: (A''*B'')'.
DSP Report: register M_reg[0] is absorbed into DSP M_reg[3].
DSP Report: register M_reg[1] is absorbed into DSP M_reg[3].
DSP Report: register M_reg[0] is absorbed into DSP M_reg[3].
DSP Report: register M_reg[1] is absorbed into DSP M_reg[3].
DSP Report: register M_reg[3] is absorbed into DSP M_reg[3].
DSP Report: register M_reg[2] is absorbed into DSP M_reg[3].
DSP Report: operator p_0_out is absorbed into DSP M_reg[3].
DSP Report: Generating DSP M_reg[3], operation Mode is: (A''*B'')'.
DSP Report: register M_reg[0] is absorbed into DSP M_reg[3].
DSP Report: register M_reg[1] is absorbed into DSP M_reg[3].
DSP Report: register M_reg[0] is absorbed into DSP M_reg[3].
DSP Report: register M_reg[1] is absorbed into DSP M_reg[3].
DSP Report: register M_reg[3] is absorbed into DSP M_reg[3].
DSP Report: register M_reg[2] is absorbed into DSP M_reg[3].
DSP Report: operator p_0_out is absorbed into DSP M_reg[3].
DSP Report: Generating DSP M_reg[3], operation Mode is: (A''*B'')'.
DSP Report: register M_reg[0] is absorbed into DSP M_reg[3].
DSP Report: register M_reg[1] is absorbed into DSP M_reg[3].
DSP Report: register M_reg[0] is absorbed into DSP M_reg[3].
DSP Report: register M_reg[1] is absorbed into DSP M_reg[3].
DSP Report: register M_reg[3] is absorbed into DSP M_reg[3].
DSP Report: register M_reg[2] is absorbed into DSP M_reg[3].
DSP Report: operator p_0_out is absorbed into DSP M_reg[3].
DSP Report: Generating DSP M_reg[3], operation Mode is: (A''*B'')'.
DSP Report: register M_reg[0] is absorbed into DSP M_reg[3].
DSP Report: register M_reg[1] is absorbed into DSP M_reg[3].
DSP Report: register M_reg[0] is absorbed into DSP M_reg[3].
DSP Report: register M_reg[1] is absorbed into DSP M_reg[3].
DSP Report: register M_reg[3] is absorbed into DSP M_reg[3].
DSP Report: register M_reg[2] is absorbed into DSP M_reg[3].
DSP Report: operator p_0_out is absorbed into DSP M_reg[3].
DSP Report: Generating DSP M_reg[3], operation Mode is: (A''*B'')'.
DSP Report: register M_reg[0] is absorbed into DSP M_reg[3].
DSP Report: register M_reg[1] is absorbed into DSP M_reg[3].
DSP Report: register M_reg[0] is absorbed into DSP M_reg[3].
DSP Report: register M_reg[1] is absorbed into DSP M_reg[3].
DSP Report: register M_reg[3] is absorbed into DSP M_reg[3].
DSP Report: register M_reg[2] is absorbed into DSP M_reg[3].
DSP Report: operator p_0_out is absorbed into DSP M_reg[3].
DSP Report: Generating DSP M_reg[3], operation Mode is: (A''*B'')'.
DSP Report: register M_reg[0] is absorbed into DSP M_reg[3].
DSP Report: register M_reg[1] is absorbed into DSP M_reg[3].
DSP Report: register M_reg[0] is absorbed into DSP M_reg[3].
DSP Report: register M_reg[1] is absorbed into DSP M_reg[3].
DSP Report: register M_reg[3] is absorbed into DSP M_reg[3].
DSP Report: register M_reg[2] is absorbed into DSP M_reg[3].
DSP Report: operator p_0_out is absorbed into DSP M_reg[3].
DSP Report: Generating DSP M_reg[3], operation Mode is: (A''*B'')'.
DSP Report: register M_reg[0] is absorbed into DSP M_reg[3].
DSP Report: register M_reg[1] is absorbed into DSP M_reg[3].
DSP Report: register M_reg[0] is absorbed into DSP M_reg[3].
DSP Report: register M_reg[1] is absorbed into DSP M_reg[3].
DSP Report: register M_reg[3] is absorbed into DSP M_reg[3].
DSP Report: register M_reg[2] is absorbed into DSP M_reg[3].
DSP Report: operator p_0_out is absorbed into DSP M_reg[3].
DSP Report: Generating DSP M_reg[3], operation Mode is: (A''*B'')'.
DSP Report: register M_reg[0] is absorbed into DSP M_reg[3].
DSP Report: register M_reg[1] is absorbed into DSP M_reg[3].
DSP Report: register M_reg[0] is absorbed into DSP M_reg[3].
DSP Report: register M_reg[1] is absorbed into DSP M_reg[3].
DSP Report: register M_reg[3] is absorbed into DSP M_reg[3].
DSP Report: register M_reg[2] is absorbed into DSP M_reg[3].
DSP Report: operator p_0_out is absorbed into DSP M_reg[3].
DSP Report: Generating DSP M_reg[3], operation Mode is: (A''*B'')'.
DSP Report: register M_reg[0] is absorbed into DSP M_reg[3].
DSP Report: register M_reg[1] is absorbed into DSP M_reg[3].
DSP Report: register M_reg[0] is absorbed into DSP M_reg[3].
DSP Report: register M_reg[1] is absorbed into DSP M_reg[3].
DSP Report: register M_reg[3] is absorbed into DSP M_reg[3].
DSP Report: register M_reg[2] is absorbed into DSP M_reg[3].
DSP Report: operator p_0_out is absorbed into DSP M_reg[3].
DSP Report: Generating DSP M_reg[3], operation Mode is: (A''*B'')'.
DSP Report: register M_reg[0] is absorbed into DSP M_reg[3].
DSP Report: register M_reg[1] is absorbed into DSP M_reg[3].
DSP Report: register M_reg[0] is absorbed into DSP M_reg[3].
DSP Report: register M_reg[1] is absorbed into DSP M_reg[3].
DSP Report: register M_reg[3] is absorbed into DSP M_reg[3].
DSP Report: register M_reg[2] is absorbed into DSP M_reg[3].
DSP Report: operator p_0_out is absorbed into DSP M_reg[3].
DSP Report: Generating DSP M_reg[3], operation Mode is: (A''*B'')'.
DSP Report: register M_reg[0] is absorbed into DSP M_reg[3].
DSP Report: register M_reg[1] is absorbed into DSP M_reg[3].
DSP Report: register M_reg[0] is absorbed into DSP M_reg[3].
DSP Report: register M_reg[1] is absorbed into DSP M_reg[3].
DSP Report: register M_reg[3] is absorbed into DSP M_reg[3].
DSP Report: register M_reg[2] is absorbed into DSP M_reg[3].
DSP Report: operator p_0_out is absorbed into DSP M_reg[3].
DSP Report: Generating DSP M_reg[3], operation Mode is: (A''*B'')'.
DSP Report: register M_reg[0] is absorbed into DSP M_reg[3].
DSP Report: register M_reg[1] is absorbed into DSP M_reg[3].
DSP Report: register M_reg[0] is absorbed into DSP M_reg[3].
DSP Report: register M_reg[1] is absorbed into DSP M_reg[3].
DSP Report: register M_reg[3] is absorbed into DSP M_reg[3].
DSP Report: register M_reg[2] is absorbed into DSP M_reg[3].
DSP Report: operator p_0_out is absorbed into DSP M_reg[3].
DSP Report: Generating DSP M_reg[3], operation Mode is: (A''*B'')'.
DSP Report: register M_reg[0] is absorbed into DSP M_reg[3].
DSP Report: register M_reg[1] is absorbed into DSP M_reg[3].
DSP Report: register M_reg[0] is absorbed into DSP M_reg[3].
DSP Report: register M_reg[1] is absorbed into DSP M_reg[3].
DSP Report: register M_reg[3] is absorbed into DSP M_reg[3].
DSP Report: register M_reg[2] is absorbed into DSP M_reg[3].
DSP Report: operator p_0_out is absorbed into DSP M_reg[3].
DSP Report: Generating DSP M_reg[3], operation Mode is: (A''*B'')'.
DSP Report: register M_reg[0] is absorbed into DSP M_reg[3].
DSP Report: register M_reg[1] is absorbed into DSP M_reg[3].
DSP Report: register M_reg[0] is absorbed into DSP M_reg[3].
DSP Report: register M_reg[1] is absorbed into DSP M_reg[3].
DSP Report: register M_reg[3] is absorbed into DSP M_reg[3].
DSP Report: register M_reg[2] is absorbed into DSP M_reg[3].
DSP Report: operator p_0_out is absorbed into DSP M_reg[3].
DSP Report: Generating DSP M_reg[3], operation Mode is: (A''*B'')'.
DSP Report: register M_reg[0] is absorbed into DSP M_reg[3].
DSP Report: register M_reg[1] is absorbed into DSP M_reg[3].
DSP Report: register M_reg[0] is absorbed into DSP M_reg[3].
DSP Report: register M_reg[1] is absorbed into DSP M_reg[3].
DSP Report: register M_reg[3] is absorbed into DSP M_reg[3].
DSP Report: register M_reg[2] is absorbed into DSP M_reg[3].
DSP Report: operator p_0_out is absorbed into DSP M_reg[3].
DSP Report: Generating DSP M_reg[3], operation Mode is: (A''*B'')'.
DSP Report: register M_reg[0] is absorbed into DSP M_reg[3].
DSP Report: register M_reg[1] is absorbed into DSP M_reg[3].
DSP Report: register M_reg[0] is absorbed into DSP M_reg[3].
DSP Report: register M_reg[1] is absorbed into DSP M_reg[3].
DSP Report: register M_reg[3] is absorbed into DSP M_reg[3].
DSP Report: register M_reg[2] is absorbed into DSP M_reg[3].
DSP Report: operator p_0_out is absorbed into DSP M_reg[3].
DSP Report: Generating DSP M_reg[3], operation Mode is: (A''*B'')'.
DSP Report: register M_reg[0] is absorbed into DSP M_reg[3].
DSP Report: register M_reg[1] is absorbed into DSP M_reg[3].
DSP Report: register M_reg[0] is absorbed into DSP M_reg[3].
DSP Report: register M_reg[1] is absorbed into DSP M_reg[3].
DSP Report: register M_reg[3] is absorbed into DSP M_reg[3].
DSP Report: register M_reg[2] is absorbed into DSP M_reg[3].
DSP Report: operator p_0_out is absorbed into DSP M_reg[3].
DSP Report: Generating DSP M_reg[3], operation Mode is: (A''*B'')'.
DSP Report: register M_reg[0] is absorbed into DSP M_reg[3].
DSP Report: register M_reg[1] is absorbed into DSP M_reg[3].
DSP Report: register M_reg[0] is absorbed into DSP M_reg[3].
DSP Report: register M_reg[1] is absorbed into DSP M_reg[3].
DSP Report: register M_reg[3] is absorbed into DSP M_reg[3].
DSP Report: register M_reg[2] is absorbed into DSP M_reg[3].
DSP Report: operator p_0_out is absorbed into DSP M_reg[3].
DSP Report: Generating DSP M_reg[3], operation Mode is: (A''*B'')'.
DSP Report: register M_reg[0] is absorbed into DSP M_reg[3].
DSP Report: register M_reg[1] is absorbed into DSP M_reg[3].
DSP Report: register M_reg[0] is absorbed into DSP M_reg[3].
DSP Report: register M_reg[1] is absorbed into DSP M_reg[3].
DSP Report: register M_reg[3] is absorbed into DSP M_reg[3].
DSP Report: register M_reg[2] is absorbed into DSP M_reg[3].
DSP Report: operator p_0_out is absorbed into DSP M_reg[3].
DSP Report: Generating DSP M_reg[3], operation Mode is: (A''*B'')'.
DSP Report: register M_reg[0] is absorbed into DSP M_reg[3].
DSP Report: register M_reg[1] is absorbed into DSP M_reg[3].
DSP Report: register M_reg[0] is absorbed into DSP M_reg[3].
DSP Report: register M_reg[1] is absorbed into DSP M_reg[3].
DSP Report: register M_reg[3] is absorbed into DSP M_reg[3].
DSP Report: register M_reg[2] is absorbed into DSP M_reg[3].
DSP Report: operator p_0_out is absorbed into DSP M_reg[3].
DSP Report: Generating DSP M_reg[3], operation Mode is: (A''*B'')'.
DSP Report: register M_reg[0] is absorbed into DSP M_reg[3].
DSP Report: register M_reg[1] is absorbed into DSP M_reg[3].
DSP Report: register M_reg[0] is absorbed into DSP M_reg[3].
DSP Report: register M_reg[1] is absorbed into DSP M_reg[3].
DSP Report: register M_reg[3] is absorbed into DSP M_reg[3].
DSP Report: register M_reg[2] is absorbed into DSP M_reg[3].
DSP Report: operator p_0_out is absorbed into DSP M_reg[3].
DSP Report: Generating DSP M_reg[3], operation Mode is: (A''*B'')'.
DSP Report: register M_reg[0] is absorbed into DSP M_reg[3].
DSP Report: register M_reg[1] is absorbed into DSP M_reg[3].
DSP Report: register M_reg[0] is absorbed into DSP M_reg[3].
DSP Report: register M_reg[1] is absorbed into DSP M_reg[3].
DSP Report: register M_reg[3] is absorbed into DSP M_reg[3].
DSP Report: register M_reg[2] is absorbed into DSP M_reg[3].
DSP Report: operator p_0_out is absorbed into DSP M_reg[3].
DSP Report: Generating DSP M_reg[3], operation Mode is: (A''*B'')'.
DSP Report: register M_reg[0] is absorbed into DSP M_reg[3].
DSP Report: register M_reg[1] is absorbed into DSP M_reg[3].
DSP Report: register M_reg[0] is absorbed into DSP M_reg[3].
DSP Report: register M_reg[1] is absorbed into DSP M_reg[3].
DSP Report: register M_reg[3] is absorbed into DSP M_reg[3].
DSP Report: register M_reg[2] is absorbed into DSP M_reg[3].
DSP Report: operator p_0_out is absorbed into DSP M_reg[3].
DSP Report: Generating DSP M_reg[3], operation Mode is: (A''*B'')'.
DSP Report: register M_reg[0] is absorbed into DSP M_reg[3].
DSP Report: register M_reg[1] is absorbed into DSP M_reg[3].
DSP Report: register M_reg[0] is absorbed into DSP M_reg[3].
DSP Report: register M_reg[1] is absorbed into DSP M_reg[3].
DSP Report: register M_reg[3] is absorbed into DSP M_reg[3].
DSP Report: register M_reg[2] is absorbed into DSP M_reg[3].
DSP Report: operator p_0_out is absorbed into DSP M_reg[3].
DSP Report: Generating DSP M_reg[3], operation Mode is: (A''*B'')'.
DSP Report: register M_reg[0] is absorbed into DSP M_reg[3].
DSP Report: register M_reg[1] is absorbed into DSP M_reg[3].
DSP Report: register M_reg[0] is absorbed into DSP M_reg[3].
DSP Report: register M_reg[1] is absorbed into DSP M_reg[3].
DSP Report: register M_reg[3] is absorbed into DSP M_reg[3].
DSP Report: register M_reg[2] is absorbed into DSP M_reg[3].
DSP Report: operator p_0_out is absorbed into DSP M_reg[3].
DSP Report: Generating DSP M_reg[3], operation Mode is: (A''*B'')'.
DSP Report: register M_reg[0] is absorbed into DSP M_reg[3].
DSP Report: register M_reg[1] is absorbed into DSP M_reg[3].
DSP Report: register M_reg[0] is absorbed into DSP M_reg[3].
DSP Report: register M_reg[1] is absorbed into DSP M_reg[3].
DSP Report: register M_reg[3] is absorbed into DSP M_reg[3].
DSP Report: register M_reg[2] is absorbed into DSP M_reg[3].
DSP Report: operator p_0_out is absorbed into DSP M_reg[3].
DSP Report: Generating DSP M_reg[3], operation Mode is: (A''*B'')'.
DSP Report: register M_reg[0] is absorbed into DSP M_reg[3].
DSP Report: register M_reg[1] is absorbed into DSP M_reg[3].
DSP Report: register M_reg[0] is absorbed into DSP M_reg[3].
DSP Report: register M_reg[1] is absorbed into DSP M_reg[3].
DSP Report: register M_reg[3] is absorbed into DSP M_reg[3].
DSP Report: register M_reg[2] is absorbed into DSP M_reg[3].
DSP Report: operator p_0_out is absorbed into DSP M_reg[3].
DSP Report: Generating DSP M_reg[3], operation Mode is: (A''*B'')'.
DSP Report: register M_reg[0] is absorbed into DSP M_reg[3].
DSP Report: register M_reg[1] is absorbed into DSP M_reg[3].
DSP Report: register M_reg[0] is absorbed into DSP M_reg[3].
DSP Report: register M_reg[1] is absorbed into DSP M_reg[3].
DSP Report: register M_reg[3] is absorbed into DSP M_reg[3].
DSP Report: register M_reg[2] is absorbed into DSP M_reg[3].
DSP Report: operator p_0_out is absorbed into DSP M_reg[3].
DSP Report: Generating DSP M_reg[3], operation Mode is: (A''*B'')'.
DSP Report: register M_reg[0] is absorbed into DSP M_reg[3].
DSP Report: register M_reg[1] is absorbed into DSP M_reg[3].
DSP Report: register M_reg[0] is absorbed into DSP M_reg[3].
DSP Report: register M_reg[1] is absorbed into DSP M_reg[3].
DSP Report: register M_reg[3] is absorbed into DSP M_reg[3].
DSP Report: register M_reg[2] is absorbed into DSP M_reg[3].
DSP Report: operator p_0_out is absorbed into DSP M_reg[3].
DSP Report: Generating DSP M_reg[3], operation Mode is: (A''*B'')'.
DSP Report: register M_reg[0] is absorbed into DSP M_reg[3].
DSP Report: register M_reg[1] is absorbed into DSP M_reg[3].
DSP Report: register M_reg[0] is absorbed into DSP M_reg[3].
DSP Report: register M_reg[1] is absorbed into DSP M_reg[3].
DSP Report: register M_reg[3] is absorbed into DSP M_reg[3].
DSP Report: register M_reg[2] is absorbed into DSP M_reg[3].
DSP Report: operator p_0_out is absorbed into DSP M_reg[3].
DSP Report: Generating DSP M_reg[3], operation Mode is: (A''*B'')'.
DSP Report: register M_reg[0] is absorbed into DSP M_reg[3].
DSP Report: register M_reg[1] is absorbed into DSP M_reg[3].
DSP Report: register M_reg[0] is absorbed into DSP M_reg[3].
DSP Report: register M_reg[1] is absorbed into DSP M_reg[3].
DSP Report: register M_reg[3] is absorbed into DSP M_reg[3].
DSP Report: register M_reg[2] is absorbed into DSP M_reg[3].
DSP Report: operator p_0_out is absorbed into DSP M_reg[3].
DSP Report: Generating DSP M_reg[3], operation Mode is: (A''*B'')'.
DSP Report: register M_reg[0] is absorbed into DSP M_reg[3].
DSP Report: register M_reg[1] is absorbed into DSP M_reg[3].
DSP Report: register M_reg[0] is absorbed into DSP M_reg[3].
DSP Report: register M_reg[1] is absorbed into DSP M_reg[3].
DSP Report: register M_reg[3] is absorbed into DSP M_reg[3].
DSP Report: register M_reg[2] is absorbed into DSP M_reg[3].
DSP Report: operator p_0_out is absorbed into DSP M_reg[3].
DSP Report: Generating DSP M_reg[3], operation Mode is: (A''*B'')'.
DSP Report: register M_reg[0] is absorbed into DSP M_reg[3].
DSP Report: register M_reg[1] is absorbed into DSP M_reg[3].
DSP Report: register M_reg[0] is absorbed into DSP M_reg[3].
DSP Report: register M_reg[1] is absorbed into DSP M_reg[3].
DSP Report: register M_reg[3] is absorbed into DSP M_reg[3].
DSP Report: register M_reg[2] is absorbed into DSP M_reg[3].
DSP Report: operator p_0_out is absorbed into DSP M_reg[3].
DSP Report: Generating DSP M_reg[3], operation Mode is: (A''*B'')'.
DSP Report: register M_reg[0] is absorbed into DSP M_reg[3].
DSP Report: register M_reg[1] is absorbed into DSP M_reg[3].
DSP Report: register M_reg[0] is absorbed into DSP M_reg[3].
DSP Report: register M_reg[1] is absorbed into DSP M_reg[3].
DSP Report: register M_reg[3] is absorbed into DSP M_reg[3].
DSP Report: register M_reg[2] is absorbed into DSP M_reg[3].
DSP Report: operator p_0_out is absorbed into DSP M_reg[3].
DSP Report: Generating DSP M_reg[3], operation Mode is: (A''*B'')'.
DSP Report: register M_reg[0] is absorbed into DSP M_reg[3].
DSP Report: register M_reg[1] is absorbed into DSP M_reg[3].
DSP Report: register M_reg[0] is absorbed into DSP M_reg[3].
DSP Report: register M_reg[1] is absorbed into DSP M_reg[3].
DSP Report: register M_reg[3] is absorbed into DSP M_reg[3].
DSP Report: register M_reg[2] is absorbed into DSP M_reg[3].
DSP Report: operator p_0_out is absorbed into DSP M_reg[3].
DSP Report: Generating DSP M_reg[3], operation Mode is: (A''*B'')'.
DSP Report: register M_reg[0] is absorbed into DSP M_reg[3].
DSP Report: register M_reg[1] is absorbed into DSP M_reg[3].
DSP Report: register M_reg[0] is absorbed into DSP M_reg[3].
DSP Report: register M_reg[1] is absorbed into DSP M_reg[3].
DSP Report: register M_reg[3] is absorbed into DSP M_reg[3].
DSP Report: register M_reg[2] is absorbed into DSP M_reg[3].
DSP Report: operator p_0_out is absorbed into DSP M_reg[3].
DSP Report: Generating DSP M_reg[3], operation Mode is: (A''*B'')'.
DSP Report: register M_reg[0] is absorbed into DSP M_reg[3].
DSP Report: register M_reg[1] is absorbed into DSP M_reg[3].
DSP Report: register M_reg[0] is absorbed into DSP M_reg[3].
DSP Report: register M_reg[1] is absorbed into DSP M_reg[3].
DSP Report: register M_reg[3] is absorbed into DSP M_reg[3].
DSP Report: register M_reg[2] is absorbed into DSP M_reg[3].
DSP Report: operator p_0_out is absorbed into DSP M_reg[3].
DSP Report: Generating DSP M_reg[3], operation Mode is: (A''*B'')'.
DSP Report: register M_reg[0] is absorbed into DSP M_reg[3].
DSP Report: register M_reg[1] is absorbed into DSP M_reg[3].
DSP Report: register M_reg[0] is absorbed into DSP M_reg[3].
DSP Report: register M_reg[1] is absorbed into DSP M_reg[3].
DSP Report: register M_reg[3] is absorbed into DSP M_reg[3].
DSP Report: register M_reg[2] is absorbed into DSP M_reg[3].
DSP Report: operator p_0_out is absorbed into DSP M_reg[3].
DSP Report: Generating DSP M_reg[3], operation Mode is: (A''*B'')'.
DSP Report: register M_reg[0] is absorbed into DSP M_reg[3].
DSP Report: register M_reg[1] is absorbed into DSP M_reg[3].
DSP Report: register M_reg[0] is absorbed into DSP M_reg[3].
DSP Report: register M_reg[1] is absorbed into DSP M_reg[3].
DSP Report: register M_reg[3] is absorbed into DSP M_reg[3].
DSP Report: register M_reg[2] is absorbed into DSP M_reg[3].
DSP Report: operator p_0_out is absorbed into DSP M_reg[3].
DSP Report: Generating DSP M_reg[3], operation Mode is: (A''*B'')'.
DSP Report: register M_reg[0] is absorbed into DSP M_reg[3].
DSP Report: register M_reg[1] is absorbed into DSP M_reg[3].
DSP Report: register M_reg[0] is absorbed into DSP M_reg[3].
DSP Report: register M_reg[1] is absorbed into DSP M_reg[3].
DSP Report: register M_reg[3] is absorbed into DSP M_reg[3].
DSP Report: register M_reg[2] is absorbed into DSP M_reg[3].
DSP Report: operator p_0_out is absorbed into DSP M_reg[3].
DSP Report: Generating DSP M_reg[3], operation Mode is: (A''*B'')'.
DSP Report: register M_reg[0] is absorbed into DSP M_reg[3].
DSP Report: register M_reg[1] is absorbed into DSP M_reg[3].
DSP Report: register M_reg[0] is absorbed into DSP M_reg[3].
DSP Report: register M_reg[1] is absorbed into DSP M_reg[3].
DSP Report: register M_reg[3] is absorbed into DSP M_reg[3].
DSP Report: register M_reg[2] is absorbed into DSP M_reg[3].
DSP Report: operator p_0_out is absorbed into DSP M_reg[3].
DSP Report: Generating DSP M_reg[3], operation Mode is: (A''*B'')'.
DSP Report: register M_reg[0] is absorbed into DSP M_reg[3].
DSP Report: register M_reg[1] is absorbed into DSP M_reg[3].
DSP Report: register M_reg[0] is absorbed into DSP M_reg[3].
DSP Report: register M_reg[1] is absorbed into DSP M_reg[3].
DSP Report: register M_reg[3] is absorbed into DSP M_reg[3].
DSP Report: register M_reg[2] is absorbed into DSP M_reg[3].
DSP Report: operator p_0_out is absorbed into DSP M_reg[3].
DSP Report: Generating DSP M_reg[3], operation Mode is: (A''*B'')'.
DSP Report: register M_reg[0] is absorbed into DSP M_reg[3].
DSP Report: register M_reg[1] is absorbed into DSP M_reg[3].
DSP Report: register M_reg[0] is absorbed into DSP M_reg[3].
DSP Report: register M_reg[1] is absorbed into DSP M_reg[3].
DSP Report: register M_reg[3] is absorbed into DSP M_reg[3].
DSP Report: register M_reg[2] is absorbed into DSP M_reg[3].
DSP Report: operator p_0_out is absorbed into DSP M_reg[3].
DSP Report: Generating DSP M_reg[3], operation Mode is: (A''*B'')'.
DSP Report: register M_reg[0] is absorbed into DSP M_reg[3].
DSP Report: register M_reg[1] is absorbed into DSP M_reg[3].
DSP Report: register M_reg[0] is absorbed into DSP M_reg[3].
DSP Report: register M_reg[1] is absorbed into DSP M_reg[3].
DSP Report: register M_reg[3] is absorbed into DSP M_reg[3].
DSP Report: register M_reg[2] is absorbed into DSP M_reg[3].
DSP Report: operator p_0_out is absorbed into DSP M_reg[3].
DSP Report: Generating DSP M_reg[3], operation Mode is: (A''*B'')'.
DSP Report: register M_reg[0] is absorbed into DSP M_reg[3].
DSP Report: register M_reg[1] is absorbed into DSP M_reg[3].
DSP Report: register M_reg[0] is absorbed into DSP M_reg[3].
DSP Report: register M_reg[1] is absorbed into DSP M_reg[3].
DSP Report: register M_reg[3] is absorbed into DSP M_reg[3].
DSP Report: register M_reg[2] is absorbed into DSP M_reg[3].
DSP Report: operator p_0_out is absorbed into DSP M_reg[3].
DSP Report: Generating DSP M_reg[3], operation Mode is: (A''*B'')'.
DSP Report: register M_reg[0] is absorbed into DSP M_reg[3].
DSP Report: register M_reg[1] is absorbed into DSP M_reg[3].
DSP Report: register M_reg[0] is absorbed into DSP M_reg[3].
DSP Report: register M_reg[1] is absorbed into DSP M_reg[3].
DSP Report: register M_reg[3] is absorbed into DSP M_reg[3].
DSP Report: register M_reg[2] is absorbed into DSP M_reg[3].
DSP Report: operator p_0_out is absorbed into DSP M_reg[3].
DSP Report: Generating DSP M_reg[3], operation Mode is: (A''*B'')'.
DSP Report: register M_reg[0] is absorbed into DSP M_reg[3].
DSP Report: register M_reg[1] is absorbed into DSP M_reg[3].
DSP Report: register M_reg[0] is absorbed into DSP M_reg[3].
DSP Report: register M_reg[1] is absorbed into DSP M_reg[3].
DSP Report: register M_reg[3] is absorbed into DSP M_reg[3].
DSP Report: register M_reg[2] is absorbed into DSP M_reg[3].
DSP Report: operator p_0_out is absorbed into DSP M_reg[3].
DSP Report: Generating DSP M_reg[3], operation Mode is: (A''*B'')'.
DSP Report: register M_reg[0] is absorbed into DSP M_reg[3].
DSP Report: register M_reg[1] is absorbed into DSP M_reg[3].
DSP Report: register M_reg[0] is absorbed into DSP M_reg[3].
DSP Report: register M_reg[1] is absorbed into DSP M_reg[3].
DSP Report: register M_reg[3] is absorbed into DSP M_reg[3].
DSP Report: register M_reg[2] is absorbed into DSP M_reg[3].
DSP Report: operator p_0_out is absorbed into DSP M_reg[3].
DSP Report: Generating DSP M_reg[3], operation Mode is: (A''*B'')'.
DSP Report: register M_reg[0] is absorbed into DSP M_reg[3].
DSP Report: register M_reg[1] is absorbed into DSP M_reg[3].
DSP Report: register M_reg[0] is absorbed into DSP M_reg[3].
DSP Report: register M_reg[1] is absorbed into DSP M_reg[3].
DSP Report: register M_reg[3] is absorbed into DSP M_reg[3].
DSP Report: register M_reg[2] is absorbed into DSP M_reg[3].
DSP Report: operator p_0_out is absorbed into DSP M_reg[3].
DSP Report: Generating DSP M_reg[3], operation Mode is: (A''*B'')'.
DSP Report: register M_reg[0] is absorbed into DSP M_reg[3].
DSP Report: register M_reg[1] is absorbed into DSP M_reg[3].
DSP Report: register M_reg[0] is absorbed into DSP M_reg[3].
DSP Report: register M_reg[1] is absorbed into DSP M_reg[3].
DSP Report: register M_reg[3] is absorbed into DSP M_reg[3].
DSP Report: register M_reg[2] is absorbed into DSP M_reg[3].
DSP Report: operator p_0_out is absorbed into DSP M_reg[3].
DSP Report: Generating DSP M_reg[3], operation Mode is: (A''*B'')'.
DSP Report: register M_reg[0] is absorbed into DSP M_reg[3].
DSP Report: register M_reg[1] is absorbed into DSP M_reg[3].
DSP Report: register M_reg[0] is absorbed into DSP M_reg[3].
DSP Report: register M_reg[1] is absorbed into DSP M_reg[3].
DSP Report: register M_reg[3] is absorbed into DSP M_reg[3].
DSP Report: register M_reg[2] is absorbed into DSP M_reg[3].
DSP Report: operator p_0_out is absorbed into DSP M_reg[3].
DSP Report: Generating DSP M_reg[3], operation Mode is: (A''*B'')'.
DSP Report: register M_reg[0] is absorbed into DSP M_reg[3].
DSP Report: register M_reg[1] is absorbed into DSP M_reg[3].
DSP Report: register M_reg[0] is absorbed into DSP M_reg[3].
DSP Report: register M_reg[1] is absorbed into DSP M_reg[3].
DSP Report: register M_reg[3] is absorbed into DSP M_reg[3].
DSP Report: register M_reg[2] is absorbed into DSP M_reg[3].
DSP Report: operator p_0_out is absorbed into DSP M_reg[3].
DSP Report: Generating DSP M_reg[3], operation Mode is: (A''*B'')'.
DSP Report: register M_reg[0] is absorbed into DSP M_reg[3].
DSP Report: register M_reg[1] is absorbed into DSP M_reg[3].
DSP Report: register M_reg[0] is absorbed into DSP M_reg[3].
DSP Report: register M_reg[1] is absorbed into DSP M_reg[3].
DSP Report: register M_reg[3] is absorbed into DSP M_reg[3].
DSP Report: register M_reg[2] is absorbed into DSP M_reg[3].
DSP Report: operator p_0_out is absorbed into DSP M_reg[3].
DSP Report: Generating DSP M_reg[3], operation Mode is: (A''*B'')'.
DSP Report: register M_reg[0] is absorbed into DSP M_reg[3].
DSP Report: register M_reg[1] is absorbed into DSP M_reg[3].
DSP Report: register M_reg[0] is absorbed into DSP M_reg[3].
DSP Report: register M_reg[1] is absorbed into DSP M_reg[3].
DSP Report: register M_reg[3] is absorbed into DSP M_reg[3].
DSP Report: register M_reg[2] is absorbed into DSP M_reg[3].
DSP Report: operator p_0_out is absorbed into DSP M_reg[3].
DSP Report: Generating DSP M_reg[3], operation Mode is: (A''*B'')'.
DSP Report: register M_reg[0] is absorbed into DSP M_reg[3].
DSP Report: register M_reg[1] is absorbed into DSP M_reg[3].
DSP Report: register M_reg[0] is absorbed into DSP M_reg[3].
DSP Report: register M_reg[1] is absorbed into DSP M_reg[3].
DSP Report: register M_reg[3] is absorbed into DSP M_reg[3].
DSP Report: register M_reg[2] is absorbed into DSP M_reg[3].
DSP Report: operator p_0_out is absorbed into DSP M_reg[3].
DSP Report: Generating DSP M_reg[3], operation Mode is: (A''*B'')'.
DSP Report: register M_reg[0] is absorbed into DSP M_reg[3].
DSP Report: register M_reg[1] is absorbed into DSP M_reg[3].
DSP Report: register M_reg[0] is absorbed into DSP M_reg[3].
DSP Report: register M_reg[1] is absorbed into DSP M_reg[3].
DSP Report: register M_reg[3] is absorbed into DSP M_reg[3].
DSP Report: register M_reg[2] is absorbed into DSP M_reg[3].
DSP Report: operator p_0_out is absorbed into DSP M_reg[3].
DSP Report: Generating DSP M_reg[3], operation Mode is: (A''*B'')'.
DSP Report: register M_reg[0] is absorbed into DSP M_reg[3].
DSP Report: register M_reg[1] is absorbed into DSP M_reg[3].
DSP Report: register M_reg[0] is absorbed into DSP M_reg[3].
DSP Report: register M_reg[1] is absorbed into DSP M_reg[3].
DSP Report: register M_reg[3] is absorbed into DSP M_reg[3].
DSP Report: register M_reg[2] is absorbed into DSP M_reg[3].
DSP Report: operator p_0_out is absorbed into DSP M_reg[3].
DSP Report: Generating DSP M_reg[3], operation Mode is: (A''*B'')'.
DSP Report: register M_reg[0] is absorbed into DSP M_reg[3].
DSP Report: register M_reg[1] is absorbed into DSP M_reg[3].
DSP Report: register M_reg[0] is absorbed into DSP M_reg[3].
DSP Report: register M_reg[1] is absorbed into DSP M_reg[3].
DSP Report: register M_reg[3] is absorbed into DSP M_reg[3].
DSP Report: register M_reg[2] is absorbed into DSP M_reg[3].
DSP Report: operator p_0_out is absorbed into DSP M_reg[3].
DSP Report: Generating DSP M_reg[3], operation Mode is: (A''*B'')'.
DSP Report: register M_reg[0] is absorbed into DSP M_reg[3].
DSP Report: register M_reg[1] is absorbed into DSP M_reg[3].
DSP Report: register M_reg[0] is absorbed into DSP M_reg[3].
DSP Report: register M_reg[1] is absorbed into DSP M_reg[3].
DSP Report: register M_reg[3] is absorbed into DSP M_reg[3].
DSP Report: register M_reg[2] is absorbed into DSP M_reg[3].
DSP Report: operator p_0_out is absorbed into DSP M_reg[3].
WARNING: [Synth 8-3331] design nn0_v1_0 has unconnected port s00_axi_awprot[2]
WARNING: [Synth 8-3331] design nn0_v1_0 has unconnected port s00_axi_awprot[1]
WARNING: [Synth 8-3331] design nn0_v1_0 has unconnected port s00_axi_awprot[0]
WARNING: [Synth 8-3331] design nn0_v1_0 has unconnected port s00_axi_arprot[2]
WARNING: [Synth 8-3331] design nn0_v1_0 has unconnected port s00_axi_arprot[1]
WARNING: [Synth 8-3331] design nn0_v1_0 has unconnected port s00_axi_arprot[0]
INFO: [Synth 8-3886] merging instance 'nn0_v1_0_S00_AXI_inst/axi_rresp_reg[0]' (FDRE) to 'nn0_v1_0_S00_AXI_inst/axi_rresp_reg[1]'
INFO: [Synth 8-3333] propagating constant 0 across sequential element (\nn0_v1_0_S00_AXI_inst/axi_rresp_reg[1] )
INFO: [Synth 8-3886] merging instance 'nn0_v1_0_S00_AXI_inst/axi_bresp_reg[0]' (FDRE) to 'nn0_v1_0_S00_AXI_inst/axi_bresp_reg[1]'
INFO: [Synth 8-3333] propagating constant 0 across sequential element (\nn0_v1_0_S00_AXI_inst/axi_bresp_reg[1] )
WARNING: [Synth 8-3332] Sequential element (rA_reg[7]) is unused and will be removed from module p_multiplier.
WARNING: [Synth 8-3332] Sequential element (rA_reg[6]) is unused and will be removed from module p_multiplier.
WARNING: [Synth 8-3332] Sequential element (rA_reg[5]) is unused and will be removed from module p_multiplier.
WARNING: [Synth 8-3332] Sequential element (rA_reg[4]) is unused and will be removed from module p_multiplier.
WARNING: [Synth 8-3332] Sequential element (rA_reg[3]) is unused and will be removed from module p_multiplier.
WARNING: [Synth 8-3332] Sequential element (rA_reg[2]) is unused and will be removed from module p_multiplier.
WARNING: [Synth 8-3332] Sequential element (rA_reg[1]) is unused and will be removed from module p_multiplier.
WARNING: [Synth 8-3332] Sequential element (rA_reg[0]) is unused and will be removed from module p_multiplier.
WARNING: [Synth 8-3332] Sequential element (rB_reg[7]) is unused and will be removed from module p_multiplier.
WARNING: [Synth 8-3332] Sequential element (rB_reg[6]) is unused and will be removed from module p_multiplier.
WARNING: [Synth 8-3332] Sequential element (rB_reg[5]) is unused and will be removed from module p_multiplier.
WARNING: [Synth 8-3332] Sequential element (rB_reg[4]) is unused and will be removed from module p_multiplier.
WARNING: [Synth 8-3332] Sequential element (rB_reg[3]) is unused and will be removed from module p_multiplier.
WARNING: [Synth 8-3332] Sequential element (rB_reg[2]) is unused and will be removed from module p_multiplier.
WARNING: [Synth 8-3332] Sequential element (rB_reg[1]) is unused and will be removed from module p_multiplier.
WARNING: [Synth 8-3332] Sequential element (rB_reg[0]) is unused and will be removed from module p_multiplier.
WARNING: [Synth 8-3332] Sequential element (nn0_v1_0_S00_AXI_inst/axi_bresp_reg[1]) is unused and will be removed from module nn0_v1_0.
WARNING: [Synth 8-3332] Sequential element (nn0_v1_0_S00_AXI_inst/axi_araddr_reg[1]) is unused and will be removed from module nn0_v1_0.
WARNING: [Synth 8-3332] Sequential element (nn0_v1_0_S00_AXI_inst/axi_araddr_reg[0]) is unused and will be removed from module nn0_v1_0.
WARNING: [Synth 8-3332] Sequential element (nn0_v1_0_S00_AXI_inst/axi_awaddr_reg[1]) is unused and will be removed from module nn0_v1_0.
WARNING: [Synth 8-3332] Sequential element (nn0_v1_0_S00_AXI_inst/axi_awaddr_reg[0]) is unused and will be removed from module nn0_v1_0.
WARNING: [Synth 8-3332] Sequential element (nn0_v1_0_S00_AXI_inst/axi_rresp_reg[1]) is unused and will be removed from module nn0_v1_0.
---------------------------------------------------------------------------------
Finished Cross Boundary and Area Optimization : Time (s): cpu = 00:00:23 ; elapsed = 00:00:30 . Memory (MB): peak = 1234.504 ; gain = 308.031 ; free physical = 22621 ; free virtual = 39177
---------------------------------------------------------------------------------
---------------------------------------------------------------------------------
Start ROM, RAM, DSP and Shift Register Reporting
---------------------------------------------------------------------------------

DSP: Preliminary Mapping  Report (see note below)
+-------------+-------------+--------+--------+--------+--------+--------+------+------+------+------+-------+------+------+
|Module Name  | DSP Mapping | A Size | B Size | C Size | D Size | P Size | AREG | BREG | CREG | DREG | ADREG | MREG | PREG | 
+-------------+-------------+--------+--------+--------+--------+--------+------+------+------+------+-------+------+------+
|p_multiplier | (A''*B'')'  | 8      | 8      | -      | -      | 16     | 2    | 2    | -    | -    | -     | 1    | 1    | 
|p_multiplier | (A''*B'')'  | 8      | 8      | -      | -      | 16     | 2    | 2    | -    | -    | -     | 1    | 1    | 
|p_multiplier | (A''*B'')'  | 8      | 8      | -      | -      | 16     | 2    | 2    | -    | -    | -     | 1    | 1    | 
|p_multiplier | (A''*B'')'  | 8      | 8      | -      | -      | 16     | 2    | 2    | -    | -    | -     | 1    | 1    | 
|p_multiplier | (A''*B'')'  | 8      | 8      | -      | -      | 16     | 2    | 2    | -    | -    | -     | 1    | 1    | 
|p_multiplier | (A''*B'')'  | 8      | 8      | -      | -      | 16     | 2    | 2    | -    | -    | -     | 1    | 1    | 
|p_multiplier | (A''*B'')'  | 8      | 8      | -      | -      | 16     | 2    | 2    | -    | -    | -     | 1    | 1    | 
|p_multiplier | (A''*B'')'  | 8      | 8      | -      | -      | 16     | 2    | 2    | -    | -    | -     | 1    | 1    | 
|p_multiplier | (A''*B'')'  | 8      | 8      | -      | -      | 16     | 2    | 2    | -    | -    | -     | 1    | 1    | 
|p_multiplier | (A''*B'')'  | 8      | 8      | -      | -      | 16     | 2    | 2    | -    | -    | -     | 1    | 1    | 
|p_multiplier | (A''*B'')'  | 8      | 8      | -      | -      | 16     | 2    | 2    | -    | -    | -     | 1    | 1    | 
|p_multiplier | (A''*B'')'  | 8      | 8      | -      | -      | 16     | 2    | 2    | -    | -    | -     | 1    | 1    | 
|p_multiplier | (A''*B'')'  | 8      | 8      | -      | -      | 16     | 2    | 2    | -    | -    | -     | 1    | 1    | 
|p_multiplier | (A''*B'')'  | 8      | 8      | -      | -      | 16     | 2    | 2    | -    | -    | -     | 1    | 1    | 
|p_multiplier | (A''*B'')'  | 8      | 8      | -      | -      | 16     | 2    | 2    | -    | -    | -     | 1    | 1    | 
|p_multiplier | (A''*B'')'  | 8      | 8      | -      | -      | 16     | 2    | 2    | -    | -    | -     | 1    | 1    | 
|p_multiplier | (A''*B'')'  | 8      | 8      | -      | -      | 16     | 2    | 2    | -    | -    | -     | 1    | 1    | 
|p_multiplier | (A''*B'')'  | 8      | 8      | -      | -      | 16     | 2    | 2    | -    | -    | -     | 1    | 1    | 
|p_multiplier | (A''*B'')'  | 8      | 8      | -      | -      | 16     | 2    | 2    | -    | -    | -     | 1    | 1    | 
|p_multiplier | (A''*B'')'  | 8      | 8      | -      | -      | 16     | 2    | 2    | -    | -    | -     | 1    | 1    | 
|p_multiplier | (A''*B'')'  | 8      | 8      | -      | -      | 16     | 2    | 2    | -    | -    | -     | 1    | 1    | 
|p_multiplier | (A''*B'')'  | 8      | 8      | -      | -      | 16     | 2    | 2    | -    | -    | -     | 1    | 1    | 
|p_multiplier | (A''*B'')'  | 8      | 8      | -      | -      | 16     | 2    | 2    | -    | -    | -     | 1    | 1    | 
|p_multiplier | (A''*B'')'  | 8      | 8      | -      | -      | 16     | 2    | 2    | -    | -    | -     | 1    | 1    | 
|p_multiplier | (A''*B'')'  | 8      | 8      | -      | -      | 16     | 2    | 2    | -    | -    | -     | 1    | 1    | 
|p_multiplier | (A''*B'')'  | 8      | 8      | -      | -      | 16     | 2    | 2    | -    | -    | -     | 1    | 1    | 
|p_multiplier | (A''*B'')'  | 8      | 8      | -      | -      | 16     | 2    | 2    | -    | -    | -     | 1    | 1    | 
|p_multiplier | (A''*B'')'  | 8      | 8      | -      | -      | 16     | 2    | 2    | -    | -    | -     | 1    | 1    | 
|p_multiplier | (A''*B'')'  | 8      | 8      | -      | -      | 16     | 2    | 2    | -    | -    | -     | 1    | 1    | 
|p_multiplier | (A''*B'')'  | 8      | 8      | -      | -      | 16     | 2    | 2    | -    | -    | -     | 1    | 1    | 
|p_multiplier | (A''*B'')'  | 8      | 8      | -      | -      | 16     | 2    | 2    | -    | -    | -     | 1    | 1    | 
|p_multiplier | (A''*B'')'  | 8      | 8      | -      | -      | 16     | 2    | 2    | -    | -    | -     | 1    | 1    | 
|p_multiplier | (A''*B'')'  | 8      | 8      | -      | -      | 16     | 2    | 2    | -    | -    | -     | 1    | 1    | 
|p_multiplier | (A''*B'')'  | 8      | 8      | -      | -      | 16     | 2    | 2    | -    | -    | -     | 1    | 1    | 
|p_multiplier | (A''*B'')'  | 8      | 8      | -      | -      | 16     | 2    | 2    | -    | -    | -     | 1    | 1    | 
|p_multiplier | (A''*B'')'  | 8      | 8      | -      | -      | 16     | 2    | 2    | -    | -    | -     | 1    | 1    | 
|p_multiplier | (A''*B'')'  | 8      | 8      | -      | -      | 16     | 2    | 2    | -    | -    | -     | 1    | 1    | 
|p_multiplier | (A''*B'')'  | 8      | 8      | -      | -      | 16     | 2    | 2    | -    | -    | -     | 1    | 1    | 
|p_multiplier | (A''*B'')'  | 8      | 8      | -      | -      | 16     | 2    | 2    | -    | -    | -     | 1    | 1    | 
|p_multiplier | (A''*B'')'  | 8      | 8      | -      | -      | 16     | 2    | 2    | -    | -    | -     | 1    | 1    | 
|p_multiplier | (A''*B'')'  | 8      | 8      | -      | -      | 16     | 2    | 2    | -    | -    | -     | 1    | 1    | 
|p_multiplier | (A''*B'')'  | 8      | 8      | -      | -      | 16     | 2    | 2    | -    | -    | -     | 1    | 1    | 
|p_multiplier | (A''*B'')'  | 8      | 8      | -      | -      | 16     | 2    | 2    | -    | -    | -     | 1    | 1    | 
|p_multiplier | (A''*B'')'  | 8      | 8      | -      | -      | 16     | 2    | 2    | -    | -    | -     | 1    | 1    | 
|p_multiplier | (A''*B'')'  | 8      | 8      | -      | -      | 16     | 2    | 2    | -    | -    | -     | 1    | 1    | 
|p_multiplier | (A''*B'')'  | 8      | 8      | -      | -      | 16     | 2    | 2    | -    | -    | -     | 1    | 1    | 
|p_multiplier | (A''*B'')'  | 8      | 8      | -      | -      | 16     | 2    | 2    | -    | -    | -     | 1    | 1    | 
|p_multiplier | (A''*B'')'  | 8      | 8      | -      | -      | 16     | 2    | 2    | -    | -    | -     | 1    | 1    | 
|p_multiplier | (A''*B'')'  | 8      | 8      | -      | -      | 16     | 2    | 2    | -    | -    | -     | 1    | 1    | 
|p_multiplier | (A''*B'')'  | 8      | 8      | -      | -      | 16     | 2    | 2    | -    | -    | -     | 1    | 1    | 
|p_multiplier | (A''*B'')'  | 8      | 8      | -      | -      | 16     | 2    | 2    | -    | -    | -     | 1    | 1    | 
|p_multiplier | (A''*B'')'  | 8      | 8      | -      | -      | 16     | 2    | 2    | -    | -    | -     | 1    | 1    | 
|p_multiplier | (A''*B'')'  | 8      | 8      | -      | -      | 16     | 2    | 2    | -    | -    | -     | 1    | 1    | 
|p_multiplier | (A''*B'')'  | 8      | 8      | -      | -      | 16     | 2    | 2    | -    | -    | -     | 1    | 1    | 
|p_multiplier | (A''*B'')'  | 8      | 8      | -      | -      | 16     | 2    | 2    | -    | -    | -     | 1    | 1    | 
|p_multiplier | (A''*B'')'  | 8      | 8      | -      | -      | 16     | 2    | 2    | -    | -    | -     | 1    | 1    | 
|p_multiplier | (A''*B'')'  | 8      | 8      | -      | -      | 16     | 2    | 2    | -    | -    | -     | 1    | 1    | 
|p_multiplier | (A''*B'')'  | 8      | 8      | -      | -      | 16     | 2    | 2    | -    | -    | -     | 1    | 1    | 
|p_multiplier | (A''*B'')'  | 8      | 8      | -      | -      | 16     | 2    | 2    | -    | -    | -     | 1    | 1    | 
|p_multiplier | (A''*B'')'  | 8      | 8      | -      | -      | 16     | 2    | 2    | -    | -    | -     | 1    | 1    | 
|p_multiplier | (A''*B'')'  | 8      | 8      | -      | -      | 16     | 2    | 2    | -    | -    | -     | 1    | 1    | 
|p_multiplier | (A''*B'')'  | 8      | 8      | -      | -      | 16     | 2    | 2    | -    | -    | -     | 1    | 1    | 
|p_multiplier | (A''*B'')'  | 8      | 8      | -      | -      | 16     | 2    | 2    | -    | -    | -     | 1    | 1    | 
|p_multiplier | (A''*B'')'  | 8      | 8      | -      | -      | 16     | 2    | 2    | -    | -    | -     | 1    | 1    | 
|p_multiplier | (A''*B'')'  | 8      | 8      | -      | -      | 16     | 2    | 2    | -    | -    | -     | 1    | 1    | 
|p_multiplier | (A''*B'')'  | 8      | 8      | -      | -      | 16     | 2    | 2    | -    | -    | -     | 1    | 1    | 
|p_multiplier | (A''*B'')'  | 8      | 8      | -      | -      | 16     | 2    | 2    | -    | -    | -     | 1    | 1    | 
|p_multiplier | (A''*B'')'  | 8      | 8      | -      | -      | 16     | 2    | 2    | -    | -    | -     | 1    | 1    | 
|p_multiplier | (A''*B'')'  | 8      | 8      | -      | -      | 16     | 2    | 2    | -    | -    | -     | 1    | 1    | 
|p_multiplier | (A''*B'')'  | 8      | 8      | -      | -      | 16     | 2    | 2    | -    | -    | -     | 1    | 1    | 
|p_multiplier | (A''*B'')'  | 8      | 8      | -      | -      | 16     | 2    | 2    | -    | -    | -     | 1    | 1    | 
|p_multiplier | (A''*B'')'  | 8      | 8      | -      | -      | 16     | 2    | 2    | -    | -    | -     | 1    | 1    | 
+-------------+-------------+--------+--------+--------+--------+--------+------+------+------+------+-------+------+------+

Note: The table above is a preliminary report that shows the DSPs inferred at the current stage of the synthesis flow. Some DSP may be reimplemented as non DSP primitives later in the synthesis flow. Multiple instantiated DSPs are reported only once.
---------------------------------------------------------------------------------
Finished ROM, RAM, DSP and Shift Register Reporting
---------------------------------------------------------------------------------

Report RTL Partitions: 
+-+--------------+------------+----------+
| |RTL Partition |Replication |Instances |
+-+--------------+------------+----------+
+-+--------------+------------+----------+
---------------------------------------------------------------------------------
Start Timing Optimization
---------------------------------------------------------------------------------
No constraint files found.
---------------------------------------------------------------------------------
Finished Timing Optimization : Time (s): cpu = 00:00:23 ; elapsed = 00:00:31 . Memory (MB): peak = 1234.504 ; gain = 308.031 ; free physical = 22619 ; free virtual = 39175
---------------------------------------------------------------------------------

Report RTL Partitions: 
+-+--------------+------------+----------+
| |RTL Partition |Replication |Instances |
+-+--------------+------------+----------+
+-+--------------+------------+----------+
---------------------------------------------------------------------------------
Start Technology Mapping
---------------------------------------------------------------------------------
---------------------------------------------------------------------------------
Finished Technology Mapping : Time (s): cpu = 00:00:23 ; elapsed = 00:00:31 . Memory (MB): peak = 1234.504 ; gain = 308.031 ; free physical = 22618 ; free virtual = 39174
---------------------------------------------------------------------------------

Report RTL Partitions: 
+-+--------------+------------+----------+
| |RTL Partition |Replication |Instances |
+-+--------------+------------+----------+
+-+--------------+------------+----------+
---------------------------------------------------------------------------------
Start IO Insertion
---------------------------------------------------------------------------------
---------------------------------------------------------------------------------
Start Flattening Before IO Insertion
---------------------------------------------------------------------------------
---------------------------------------------------------------------------------
Finished Flattening Before IO Insertion
---------------------------------------------------------------------------------
---------------------------------------------------------------------------------
Start Final Netlist Cleanup
---------------------------------------------------------------------------------
---------------------------------------------------------------------------------
Finished Final Netlist Cleanup
---------------------------------------------------------------------------------
---------------------------------------------------------------------------------
Finished IO Insertion : Time (s): cpu = 00:00:24 ; elapsed = 00:00:31 . Memory (MB): peak = 1234.504 ; gain = 308.031 ; free physical = 22617 ; free virtual = 39174
---------------------------------------------------------------------------------

Report Check Netlist: 
+------+------------------+-------+---------+-------+------------------+
|      |Item              |Errors |Warnings |Status |Description       |
+------+------------------+-------+---------+-------+------------------+
|1     |multi_driven_nets |      0|        0|Passed |Multi driven nets |
+------+------------------+-------+---------+-------+------------------+
---------------------------------------------------------------------------------
Start Renaming Generated Instances
---------------------------------------------------------------------------------
---------------------------------------------------------------------------------
Finished Renaming Generated Instances : Time (s): cpu = 00:00:24 ; elapsed = 00:00:31 . Memory (MB): peak = 1234.504 ; gain = 308.031 ; free physical = 22617 ; free virtual = 39174
---------------------------------------------------------------------------------

Report RTL Partitions: 
+-+--------------+------------+----------+
| |RTL Partition |Replication |Instances |
+-+--------------+------------+----------+
+-+--------------+------------+----------+
---------------------------------------------------------------------------------
Start Rebuilding User Hierarchy
---------------------------------------------------------------------------------
---------------------------------------------------------------------------------
Finished Rebuilding User Hierarchy : Time (s): cpu = 00:00:24 ; elapsed = 00:00:31 . Memory (MB): peak = 1234.504 ; gain = 308.031 ; free physical = 22616 ; free virtual = 39174
---------------------------------------------------------------------------------
---------------------------------------------------------------------------------
Start Renaming Generated Ports
---------------------------------------------------------------------------------
---------------------------------------------------------------------------------
Finished Renaming Generated Ports : Time (s): cpu = 00:00:24 ; elapsed = 00:00:31 . Memory (MB): peak = 1234.504 ; gain = 308.031 ; free physical = 22616 ; free virtual = 39174
---------------------------------------------------------------------------------
---------------------------------------------------------------------------------
Start Handling Custom Attributes
---------------------------------------------------------------------------------
---------------------------------------------------------------------------------
Finished Handling Custom Attributes : Time (s): cpu = 00:00:24 ; elapsed = 00:00:31 . Memory (MB): peak = 1234.504 ; gain = 308.031 ; free physical = 22616 ; free virtual = 39174
---------------------------------------------------------------------------------
---------------------------------------------------------------------------------
Start Renaming Generated Nets
---------------------------------------------------------------------------------
---------------------------------------------------------------------------------
Finished Renaming Generated Nets : Time (s): cpu = 00:00:24 ; elapsed = 00:00:31 . Memory (MB): peak = 1234.504 ; gain = 308.031 ; free physical = 22616 ; free virtual = 39174
---------------------------------------------------------------------------------
---------------------------------------------------------------------------------
Start Writing Synthesis Report
---------------------------------------------------------------------------------

Report BlackBoxes: 
+-+--------------+----------+
| |BlackBox name |Instances |
+-+--------------+----------+
+-+--------------+----------+

Report Cell Usage: 
+------+-------+------+
|      |Cell   |Count |
+------+-------+------+
|1     |BUFG   |     1|
|2     |CARRY4 |     3|
|3     |LUT1   |    13|
|4     |LUT2   |     1|
|5     |LUT3   |    47|
|6     |LUT4   |     9|
|7     |LUT5   |     1|
|8     |LUT6   |     5|
|9     |FDRE   |    90|
|10    |IBUF   |    47|
|11    |OBUF   |    41|
+------+-------+------+

Report Instance Areas: 
+------+------------------------+-----------------+------+
|      |Instance                |Module           |Cells |
+------+------------------------+-----------------+------+
|1     |top                     |                 |   258|
|2     |  nn0_v1_0_S00_AXI_inst |nn0_v1_0_S00_AXI |   169|
|3     |    UIP                 |multple_mat      |    51|
+------+------------------------+-----------------+------+
---------------------------------------------------------------------------------
Finished Writing Synthesis Report : Time (s): cpu = 00:00:24 ; elapsed = 00:00:32 . Memory (MB): peak = 1234.504 ; gain = 308.031 ; free physical = 22616 ; free virtual = 39174
---------------------------------------------------------------------------------
Synthesis finished with 0 errors, 0 critical warnings and 75 warnings.
Synthesis Optimization Runtime : Time (s): cpu = 00:00:18 ; elapsed = 00:00:20 . Memory (MB): peak = 1234.504 ; gain = 221.949 ; free physical = 22616 ; free virtual = 39174
Synthesis Optimization Complete : Time (s): cpu = 00:00:24 ; elapsed = 00:00:32 . Memory (MB): peak = 1234.504 ; gain = 308.031 ; free physical = 22617 ; free virtual = 39174
INFO: [Project 1-571] Translating synthesized netlist
INFO: [Netlist 29-17] Analyzing 50 Unisim elements for replacement
INFO: [Netlist 29-28] Unisim Transformation completed in 0 CPU seconds
INFO: [Project 1-570] Preparing netlist for logic optimization
INFO: [Opt 31-138] Pushed 0 inverter(s) to 0 load pin(s).
INFO: [Project 1-111] Unisim Transformation Summary:
No Unisim elements were transformed.

INFO: [Common 17-83] Releasing license: Synthesis
27 Infos, 75 Warnings, 0 Critical Warnings and 0 Errors encountered.
synth_design completed successfully
synth_design: Time (s): cpu = 00:00:21 ; elapsed = 00:00:24 . Memory (MB): peak = 1391.508 ; gain = 395.473 ; free physical = 22526 ; free virtual = 39107
INFO: [Common 17-1381] The checkpoint '/auto/homes/yaz21/P35_clean/v3/rtl/ip_repo/edit_nn0_v1_0.runs/synth_1/nn0_v1_0.dcp' has been generated.
report_utilization: Time (s): cpu = 00:00:00.12 ; elapsed = 00:00:00.21 . Memory (MB): peak = 1415.578 ; gain = 0.000 ; free physical = 22517 ; free virtual = 39102
INFO: [Common 17-206] Exiting Vivado at Wed Apr 19 18:12:22 2017...
