Copyright 1986-2016 Xilinx, Inc. All Rights Reserved.
----------------------------------------------------------------------------------------
| Tool Version : Vivado v.2016.4 (lin64) Build 1756540 Mon Jan 23 19:11:19 MST 2017
| Date         : Thu Apr 20 19:37:59 2017
| Host         : acs-05.cl.cam.ac.uk running 64-bit Ubuntu 14.04.5 LTS
| Command      : report_control_sets -verbose -file top_wrapper_control_sets_placed.rpt
| Design       : top_wrapper
| Device       : xc7z010
----------------------------------------------------------------------------------------

Control Set Information

Table of Contents
-----------------
1. Summary
2. Flip-Flop Distribution
3. Detailed Control Set Information

1. Summary
----------

+----------------------------------------------------------+-------+
|                          Status                          | Count |
+----------------------------------------------------------+-------+
| Number of unique control sets                            |    35 |
| Unused register locations in slices containing registers |    90 |
+----------------------------------------------------------+-------+


2. Flip-Flop Distribution
-------------------------

+--------------+-----------------------+------------------------+-----------------+--------------+
| Clock Enable | Synchronous Set/Reset | Asynchronous Set/Reset | Total Registers | Total Slices |
+--------------+-----------------------+------------------------+-----------------+--------------+
| No           | No                    | No                     |             103 |           31 |
| No           | No                    | Yes                    |               0 |            0 |
| No           | Yes                   | No                     |             406 |          104 |
| Yes          | No                    | No                     |             910 |          183 |
| Yes          | No                    | Yes                    |               0 |            0 |
| Yes          | Yes                   | No                     |              99 |           27 |
+--------------+-----------------------+------------------------+-----------------+--------------+


3. Detailed Control Set Information
-----------------------------------

+--------------------------------------------+----------------------------------------------------------------------------------------------------------------------------------------------------------+-------------------------------------------------------------------------------------------------------------------------------------+------------------+----------------+
|                Clock Signal                |                                                                       Enable Signal                                                                      |                                                           Set/Reset Signal                                                          | Slice Load Count | Bel Load Count |
+--------------------------------------------+----------------------------------------------------------------------------------------------------------------------------------------------------------+-------------------------------------------------------------------------------------------------------------------------------------+------------------+----------------+
|  top_i/processing_system7_0/inst/FCLK_CLK0 | top_i/ps7_0_axi_periph/s00_couplers/auto_pc/inst/gen_axilite.gen_b2s_conv.axilite_b2s/WR.b_channel_0/bid_fifo_0/bresp_push                               |                                                                                                                                     |                1 |              2 |
|  top_i/processing_system7_0/inst/FCLK_CLK0 |                                                                                                                                                          | top_i/ps7_0_axi_periph/s00_couplers/auto_pc/inst/gen_axilite.gen_b2s_conv.axilite_b2s/SI_REG/aw_pipe/s_ready_i_reg_0                |                3 |              4 |
|  top_i/processing_system7_0/inst/FCLK_CLK0 |                                                                                                                                                          | top_i/ps7_0_axi_periph/s00_couplers/auto_pc/inst/gen_axilite.gen_b2s_conv.axilite_b2s/SI_REG/ar_pipe/m_valid_i_reg_0                |                3 |              4 |
|  top_i/processing_system7_0/inst/FCLK_CLK0 | top_i/ps7_0_axi_periph/s00_couplers/auto_pc/inst/gen_axilite.gen_b2s_conv.axilite_b2s/RD.ar_channel_0/ar_cmd_fsm_0/axlen_cnt_reg[3][0]                   | top_i/ps7_0_axi_periph/s00_couplers/auto_pc/inst/gen_axilite.gen_b2s_conv.axilite_b2s/RD.ar_channel_0/ar_cmd_fsm_0/axlen_cnt_reg[7] |                2 |              4 |
|  top_i/processing_system7_0/inst/FCLK_CLK0 | top_i/ps7_0_axi_periph/s00_couplers/auto_pc/inst/gen_axilite.gen_b2s_conv.axilite_b2s/RD.ar_channel_0/ar_cmd_fsm_0/axaddr_incr_reg[11]                   |                                                                                                                                     |                1 |              4 |
|  top_i/processing_system7_0/inst/FCLK_CLK0 |                                                                                                                                                          | top_i/rst_ps7_0_50M/U0/EXT_LPF/lpf_int                                                                                              |                3 |              4 |
|  top_i/processing_system7_0/inst/FCLK_CLK0 | top_i/ps7_0_axi_periph/s00_couplers/auto_pc/inst/gen_axilite.gen_b2s_conv.axilite_b2s/WR.aw_channel_0/aw_cmd_fsm_0/wrap_boundary_axaddr_r_reg[0][0]      |                                                                                                                                     |                2 |              4 |
|  top_i/processing_system7_0/inst/FCLK_CLK0 | top_i/ps7_0_axi_periph/s00_couplers/auto_pc/inst/gen_axilite.gen_b2s_conv.axilite_b2s/WR.aw_channel_0/aw_cmd_fsm_0/E[0]                                  | top_i/ps7_0_axi_periph/s00_couplers/auto_pc/inst/gen_axilite.gen_b2s_conv.axilite_b2s/WR.aw_channel_0/aw_cmd_fsm_0/axlen_cnt_reg[7] |                2 |              4 |
|  top_i/processing_system7_0/inst/FCLK_CLK0 | top_i/ps7_0_axi_periph/s00_couplers/auto_pc/inst/gen_axilite.gen_b2s_conv.axilite_b2s/RD.ar_channel_0/ar_cmd_fsm_0/E[0]                                  |                                                                                                                                     |                1 |              4 |
|  top_i/processing_system7_0/inst/FCLK_CLK0 | top_i/ps7_0_axi_periph/s00_couplers/auto_pc/inst/gen_axilite.gen_b2s_conv.axilite_b2s/WR.aw_channel_0/cmd_translator_0/incr_cmd_0/axaddr_incr[0]_i_1_n_0 |                                                                                                                                     |                1 |              4 |
|  top_i/processing_system7_0/inst/FCLK_CLK0 | top_i/rst_ps7_0_50M/U0/SEQ/seq_cnt_en                                                                                                                    | top_i/rst_ps7_0_50M/U0/SEQ/SEQ_COUNTER/clear                                                                                        |                1 |              6 |
|  top_i/processing_system7_0/inst/FCLK_CLK0 | top_i/ps7_0_axi_periph/s00_couplers/auto_pc/inst/gen_axilite.gen_b2s_conv.axilite_b2s/WR.b_channel_0/mhandshake_r                                        | top_i/ps7_0_axi_periph/s00_couplers/auto_pc/inst/gen_axilite.gen_b2s_conv.axilite_b2s/WR.b_channel_0/bid_fifo_0/SR[0]               |                2 |              8 |
|  top_i/processing_system7_0/inst/FCLK_CLK0 | top_i/nn0_0/inst/nn0_v1_0_S00_AXI_inst/p_1_in[23]                                                                                                        | top_i/nn0_0/inst/nn0_v1_0_S00_AXI_inst/UIP/genblk1[0].genblk1[0].genblk1[0].m1/SR[0]                                                |                1 |              8 |
|  top_i/processing_system7_0/inst/FCLK_CLK0 | top_i/nn0_0/inst/nn0_v1_0_S00_AXI_inst/p_1_in[31]                                                                                                        | top_i/nn0_0/inst/nn0_v1_0_S00_AXI_inst/UIP/genblk1[0].genblk1[0].genblk1[0].m1/SR[0]                                                |                2 |              8 |
|  top_i/processing_system7_0/inst/FCLK_CLK0 | top_i/nn0_0/inst/nn0_v1_0_S00_AXI_inst/p_1_in[15]                                                                                                        | top_i/nn0_0/inst/nn0_v1_0_S00_AXI_inst/UIP/genblk1[0].genblk1[0].genblk1[0].m1/SR[0]                                                |                2 |              8 |
|  top_i/processing_system7_0/inst/FCLK_CLK0 | top_i/nn0_0/inst/nn0_v1_0_S00_AXI_inst/p_1_in[7]                                                                                                         | top_i/nn0_0/inst/nn0_v1_0_S00_AXI_inst/UIP/genblk1[0].genblk1[0].genblk1[0].m1/SR[0]                                                |                1 |              8 |
|  top_i/processing_system7_0/inst/FCLK_CLK0 | top_i/ps7_0_axi_periph/s00_couplers/auto_pc/inst/gen_axilite.gen_b2s_conv.axilite_b2s/WR.aw_channel_0/aw_cmd_fsm_0/E[0]                                  |                                                                                                                                     |                4 |             12 |
|  top_i/processing_system7_0/inst/FCLK_CLK0 | top_i/ps7_0_axi_periph/s00_couplers/auto_pc/inst/gen_axilite.gen_b2s_conv.axilite_b2s/RD.ar_channel_0/ar_cmd_fsm_0/axlen_cnt_reg[3][0]                   |                                                                                                                                     |                4 |             12 |
|  top_i/processing_system7_0/inst/FCLK_CLK0 | top_i/nn0_0/inst/nn0_v1_0_S00_AXI_inst/UIP/cnt_done[12]_i_1_n_0                                                                                          | top_i/nn0_0/inst/nn0_v1_0_S00_AXI_inst/UIP/genblk1[0].genblk1[0].genblk1[0].m1/SR[0]                                                |                3 |             13 |
|  top_i/processing_system7_0/inst/FCLK_CLK0 | top_i/ps7_0_axi_periph/s00_couplers/auto_pc/inst/gen_axilite.gen_b2s_conv.axilite_b2s/RD.r_channel_0/r_push_r                                            |                                                                                                                                     |                4 |             13 |
|  top_i/processing_system7_0/inst/FCLK_CLK0 | top_i/ps7_0_axi_periph/s00_couplers/auto_pc/inst/gen_axilite.gen_b2s_conv.axilite_b2s/SI_REG/b_pipe/skid_buffer_reg[0]_0                                 |                                                                                                                                     |                2 |             14 |
|  top_i/processing_system7_0/inst/FCLK_CLK0 | top_i/ps7_0_axi_periph/s00_couplers/auto_pc/inst/gen_axilite.gen_b2s_conv.axilite_b2s/SI_REG/b_pipe/p_1_in                                               |                                                                                                                                     |                3 |             14 |
|  top_i/processing_system7_0/inst/FCLK_CLK0 | top_i/ps7_0_axi_periph/s00_couplers/auto_pc/inst/gen_axilite.gen_b2s_conv.axilite_b2s/WR.aw_channel_0/aw_cmd_fsm_0/b_push                                |                                                                                                                                     |                3 |             16 |
|  top_i/processing_system7_0/inst/FCLK_CLK0 | top_i/ps7_0_axi_periph/s00_couplers/auto_pc/inst/gen_axilite.gen_b2s_conv.axilite_b2s/RD.ar_channel_0/ar_cmd_fsm_0/m_payload_i_reg[0]_1[0]               |                                                                                                                                     |                7 |             27 |
|  top_i/processing_system7_0/inst/FCLK_CLK0 | top_i/ps7_0_axi_periph/s00_couplers/auto_pc/inst/gen_axilite.gen_b2s_conv.axilite_b2s/WR.aw_channel_0/aw_cmd_fsm_0/m_payload_i_reg[0][0]                 |                                                                                                                                     |                8 |             27 |
|  top_i/processing_system7_0/inst/FCLK_CLK0 | top_i/ps7_0_axi_periph/s00_couplers/auto_pc/inst/gen_axilite.gen_b2s_conv.axilite_b2s/SI_REG/ar_pipe/s_axi_arready                                       |                                                                                                                                     |                8 |             27 |
|  top_i/processing_system7_0/inst/FCLK_CLK0 | top_i/ps7_0_axi_periph/s00_couplers/auto_pc/inst/gen_axilite.gen_b2s_conv.axilite_b2s/SI_REG/aw_pipe/s_axi_awready                                       |                                                                                                                                     |                7 |             27 |
|  top_i/processing_system7_0/inst/FCLK_CLK0 | top_i/nn0_0/inst/nn0_v1_0_S00_AXI_inst/slv_reg_rden                                                                                                      | top_i/nn0_0/inst/nn0_v1_0_S00_AXI_inst/UIP/genblk1[0].genblk1[0].genblk1[0].m1/SR[0]                                                |               11 |             32 |
|  top_i/processing_system7_0/inst/FCLK_CLK0 | top_i/ps7_0_axi_periph/s00_couplers/auto_pc/inst/gen_axilite.gen_b2s_conv.axilite_b2s/RD.r_channel_0/rd_data_fifo_0/wr_en0                               |                                                                                                                                     |               11 |             34 |
|  top_i/processing_system7_0/inst/FCLK_CLK0 | top_i/ps7_0_axi_periph/s00_couplers/auto_pc/inst/gen_axilite.gen_b2s_conv.axilite_b2s/SI_REG/r_pipe/skid_buffer_reg[0]_0                                 |                                                                                                                                     |                7 |             47 |
|  top_i/processing_system7_0/inst/FCLK_CLK0 | top_i/ps7_0_axi_periph/s00_couplers/auto_pc/inst/gen_axilite.gen_b2s_conv.axilite_b2s/SI_REG/r_pipe/p_1_in                                               |                                                                                                                                     |                8 |             47 |
|  top_i/processing_system7_0/inst/FCLK_CLK0 |                                                                                                                                                          | top_i/ps7_0_axi_periph/s00_couplers/auto_pc/inst/gen_axilite.gen_b2s_conv.axilite_b2s/areset_d1                                     |               16 |             57 |
|  top_i/processing_system7_0/inst/FCLK_CLK0 |                                                                                                                                                          |                                                                                                                                     |               32 |            104 |
|  top_i/processing_system7_0/inst/FCLK_CLK0 |                                                                                                                                                          | top_i/nn0_0/inst/nn0_v1_0_S00_AXI_inst/UIP/genblk1[0].genblk1[0].genblk1[0].m1/SR[0]                                                |               79 |            337 |
|  top_i/processing_system7_0/inst/FCLK_CLK0 | top_i/rst_ps7_0_50M/U0/peripheral_aresetn[0]                                                                                                             |                                                                                                                                     |              160 |            960 |
+--------------------------------------------+----------------------------------------------------------------------------------------------------------------------------------------------------------+-------------------------------------------------------------------------------------------------------------------------------------+------------------+----------------+


+--------+-----------------------+
| Fanout | Number of ControlSets |
+--------+-----------------------+
| 2      |                     1 |
| 4      |                     9 |
| 6      |                     1 |
| 8      |                     5 |
| 12     |                     2 |
| 13     |                     2 |
| 14     |                     2 |
| 16+    |                    13 |
+--------+-----------------------+


