Copyright 1986-2016 Xilinx, Inc. All Rights Reserved.
------------------------------------------------------------------------------------
| Tool Version : Vivado v.2016.4 (lin64) Build 1756540 Mon Jan 23 19:11:19 MST 2017
| Date         : Sun Apr 23 19:48:17 2017
| Host         : acs-05.cl.cam.ac.uk running 64-bit Ubuntu 14.04.5 LTS
| Command      : upgrade_ip
| Device       : xc7z010clg400-1
------------------------------------------------------------------------------------

Upgrade Log for IP 'top_nn0_0_0'

1. Summary
----------

SUCCESS in the update of top_nn0_0_0 (user.org:user:nn0:1.0 (Rev. 9)) to current project options.






Copyright 1986-2016 Xilinx, Inc. All Rights Reserved.
------------------------------------------------------------------------------------
| Tool Version : Vivado v.2016.4 (lin64) Build 1756540 Mon Jan 23 19:11:19 MST 2017
| Date         : Sun Apr 23 19:37:52 2017
| Host         : acs-05.cl.cam.ac.uk running 64-bit Ubuntu 14.04.5 LTS
| Command      : upgrade_ip
| Device       : xc7z010clg400-1
------------------------------------------------------------------------------------

Upgrade Log for IP 'top_nn0_0_0'

1. Summary
----------

SUCCESS in the update of top_nn0_0_0 (user.org:user:nn0:1.0 (Rev. 9)) to current project options.






Copyright 1986-2016 Xilinx, Inc. All Rights Reserved.
------------------------------------------------------------------------------------
| Tool Version : Vivado v.2016.4 (lin64) Build 1756540 Mon Jan 23 19:11:19 MST 2017
| Date         : Sun Apr 23 19:32:09 2017
| Host         : acs-05.cl.cam.ac.uk running 64-bit Ubuntu 14.04.5 LTS
| Command      : upgrade_ip
| Device       : xc7z010clg400-1
------------------------------------------------------------------------------------

Upgrade Log for IP 'top_nn0_0_0'

1. Summary
----------

SUCCESS in the update of top_nn0_0_0 (user.org:user:nn0:1.0 (Rev. 9)) to current project options.






Copyright 1986-2016 Xilinx, Inc. All Rights Reserved.
------------------------------------------------------------------------------------
| Tool Version : Vivado v.2016.4 (lin64) Build 1756540 Mon Jan 23 19:11:19 MST 2017
| Date         : Sun Apr 23 19:24:55 2017
| Host         : acs-05.cl.cam.ac.uk running 64-bit Ubuntu 14.04.5 LTS
| Command      : upgrade_ip
| Device       : xc7z010clg400-1
------------------------------------------------------------------------------------

Upgrade Log for IP 'top_nn0_0_0'

1. Summary
----------

SUCCESS in the update of top_nn0_0_0 (user.org:user:nn0:1.0 (Rev. 9)) to current project options.






Copyright 1986-2016 Xilinx, Inc. All Rights Reserved.
------------------------------------------------------------------------------------
| Tool Version : Vivado v.2016.4 (lin64) Build 1756540 Mon Jan 23 19:11:19 MST 2017
| Date         : Sun Apr 23 19:15:38 2017
| Host         : acs-05.cl.cam.ac.uk running 64-bit Ubuntu 14.04.5 LTS
| Command      : upgrade_ip
| Device       : xc7z010clg400-1
------------------------------------------------------------------------------------

Upgrade Log for IP 'top_nn0_0_0'

1. Summary
----------

SUCCESS in the update of top_nn0_0_0 (user.org:user:nn0:1.0 (Rev. 9)) to current project options.






Copyright 1986-2016 Xilinx, Inc. All Rights Reserved.
------------------------------------------------------------------------------------
| Tool Version : Vivado v.2016.4 (lin64) Build 1756540 Mon Jan 23 19:11:19 MST 2017
| Date         : Sun Apr 23 19:02:58 2017
| Host         : acs-05.cl.cam.ac.uk running 64-bit Ubuntu 14.04.5 LTS
| Command      : upgrade_ip
| Device       : xc7z010clg400-1
------------------------------------------------------------------------------------

Upgrade Log for IP 'top_nn0_0_0'

1. Summary
----------

SUCCESS in the update of top_nn0_0_0 (user.org:user:nn0:1.0 (Rev. 9)) to current project options.






Copyright 1986-2016 Xilinx, Inc. All Rights Reserved.
------------------------------------------------------------------------------------
| Tool Version : Vivado v.2016.4 (lin64) Build 1756540 Mon Jan 23 19:11:19 MST 2017
| Date         : Sun Apr 23 19:02:00 2017
| Host         : acs-05.cl.cam.ac.uk running 64-bit Ubuntu 14.04.5 LTS
| Command      : upgrade_ip
| Device       : xc7z010clg400-1
------------------------------------------------------------------------------------

Upgrade Log for IP 'top_nn0_0_0'

1. Summary
----------

SUCCESS in the update of top_nn0_0_0 (user.org:user:nn0:1.0 (Rev. 9)) to current project options.






Copyright 1986-2016 Xilinx, Inc. All Rights Reserved.
------------------------------------------------------------------------------------
| Tool Version : Vivado v.2016.4 (lin64) Build 1756540 Mon Jan 23 19:11:19 MST 2017
| Date         : Sun Apr 23 18:53:21 2017
| Host         : acs-05.cl.cam.ac.uk running 64-bit Ubuntu 14.04.5 LTS
| Command      : upgrade_ip
| Device       : xc7z010clg400-1
------------------------------------------------------------------------------------

Upgrade Log for IP 'top_nn0_0_0'

1. Summary
----------

SUCCESS in the update of top_nn0_0_0 (user.org:user:nn0:1.0 (Rev. 9)) to current project options.






Copyright 1986-2016 Xilinx, Inc. All Rights Reserved.
------------------------------------------------------------------------------------
| Tool Version : Vivado v.2016.4 (lin64) Build 1756540 Mon Jan 23 19:11:19 MST 2017
| Date         : Sun Apr 23 18:35:02 2017
| Host         : acs-05.cl.cam.ac.uk running 64-bit Ubuntu 14.04.5 LTS
| Command      : upgrade_ip
| Device       : xc7z010clg400-1
------------------------------------------------------------------------------------

Upgrade Log for IP 'top_nn0_0_0'

1. Summary
----------

SUCCESS in the update of top_nn0_0_0 (user.org:user:nn0:1.0 (Rev. 9)) to current project options.






Copyright 1986-2016 Xilinx, Inc. All Rights Reserved.
------------------------------------------------------------------------------------
| Tool Version : Vivado v.2016.4 (lin64) Build 1756540 Mon Jan 23 19:11:19 MST 2017
| Date         : Sun Apr 23 18:28:38 2017
| Host         : acs-05.cl.cam.ac.uk running 64-bit Ubuntu 14.04.5 LTS
| Command      : upgrade_ip
| Device       : xc7z010clg400-1
------------------------------------------------------------------------------------

Upgrade Log for IP 'top_nn0_0_0'

1. Summary
----------

SUCCESS in the update of top_nn0_0_0 (user.org:user:nn0:1.0 (Rev. 9)) to current project options.






Copyright 1986-2016 Xilinx, Inc. All Rights Reserved.
------------------------------------------------------------------------------------
| Tool Version : Vivado v.2016.4 (lin64) Build 1756540 Mon Jan 23 19:11:19 MST 2017
| Date         : Sun Apr 23 18:23:47 2017
| Host         : acs-05.cl.cam.ac.uk running 64-bit Ubuntu 14.04.5 LTS
| Command      : upgrade_ip
| Device       : xc7z010clg400-1
------------------------------------------------------------------------------------

Upgrade Log for IP 'top_nn0_0_0'

1. Summary
----------

SUCCESS in the update of top_nn0_0_0 (user.org:user:nn0:1.0 (Rev. 9)) to current project options.






Copyright 1986-2016 Xilinx, Inc. All Rights Reserved.
------------------------------------------------------------------------------------
| Tool Version : Vivado v.2016.4 (lin64) Build 1756540 Mon Jan 23 19:11:19 MST 2017
| Date         : Thu Apr 20 19:34:58 2017
| Host         : acs-05.cl.cam.ac.uk running 64-bit Ubuntu 14.04.5 LTS
| Command      : upgrade_ip
| Device       : xc7z010clg400-1
------------------------------------------------------------------------------------

Upgrade Log for IP 'top_nn0_0_0'

1. Summary
----------

SUCCESS in the update of top_nn0_0_0 (user.org:user:nn0:1.0 (Rev. 9)) to current project options.






Copyright 1986-2016 Xilinx, Inc. All Rights Reserved.
------------------------------------------------------------------------------------
| Tool Version : Vivado v.2016.4 (lin64) Build 1756540 Mon Jan 23 19:11:19 MST 2017
| Date         : Thu Apr 20 18:33:31 2017
| Host         : acs-05.cl.cam.ac.uk running 64-bit Ubuntu 14.04.5 LTS
| Command      : upgrade_ip
| Device       : xc7z010clg400-1
------------------------------------------------------------------------------------

Upgrade Log for IP 'top_nn0_0_0'

1. Summary
----------

SUCCESS in the update of top_nn0_0_0 (user.org:user:nn0:1.0 (Rev. 9)) to current project options.






Copyright 1986-2016 Xilinx, Inc. All Rights Reserved.
------------------------------------------------------------------------------------
| Tool Version : Vivado v.2016.4 (lin64) Build 1756540 Mon Jan 23 19:11:19 MST 2017
| Date         : Thu Apr 20 18:10:37 2017
| Host         : acs-05.cl.cam.ac.uk running 64-bit Ubuntu 14.04.5 LTS
| Command      : upgrade_ip
| Device       : xc7z010clg400-1
------------------------------------------------------------------------------------

Upgrade Log for IP 'top_nn0_0_0'

1. Summary
----------

SUCCESS in the update of top_nn0_0_0 (user.org:user:nn0:1.0 (Rev. 9)) to current project options.






Copyright 1986-2016 Xilinx, Inc. All Rights Reserved.
------------------------------------------------------------------------------------
| Tool Version : Vivado v.2016.4 (lin64) Build 1756540 Mon Jan 23 19:11:19 MST 2017
| Date         : Thu Apr 20 16:08:23 2017
| Host         : acs-05.cl.cam.ac.uk running 64-bit Ubuntu 14.04.5 LTS
| Command      : upgrade_ip
| Device       : xc7z010clg400-1
------------------------------------------------------------------------------------

Upgrade Log for IP 'top_nn0_0_0'

1. Summary
----------

SUCCESS in the update of top_nn0_0_0 (user.org:user:nn0:1.0 (Rev. 9)) to current project options.






Copyright 1986-2016 Xilinx, Inc. All Rights Reserved.
------------------------------------------------------------------------------------
| Tool Version : Vivado v.2016.4 (lin64) Build 1756540 Mon Jan 23 19:11:19 MST 2017
| Date         : Thu Apr 20 15:50:52 2017
| Host         : acs-05.cl.cam.ac.uk running 64-bit Ubuntu 14.04.5 LTS
| Command      : upgrade_ip
| Device       : xc7z010clg400-1
------------------------------------------------------------------------------------

Upgrade Log for IP 'top_nn0_0_0'

1. Summary
----------

SUCCESS in the update of top_nn0_0_0 (user.org:user:nn0:1.0 (Rev. 9)) to current project options.






Copyright 1986-2016 Xilinx, Inc. All Rights Reserved.
------------------------------------------------------------------------------------
| Tool Version : Vivado v.2016.4 (lin64) Build 1756540 Mon Jan 23 19:11:19 MST 2017
| Date         : Thu Apr 20 15:44:40 2017
| Host         : acs-05.cl.cam.ac.uk running 64-bit Ubuntu 14.04.5 LTS
| Command      : upgrade_ip
| Device       : xc7z010clg400-1
------------------------------------------------------------------------------------

Upgrade Log for IP 'top_nn0_0_0'

1. Summary
----------

SUCCESS in the update of top_nn0_0_0 (user.org:user:nn0:1.0 (Rev. 9)) to current project options.






Copyright 1986-2016 Xilinx, Inc. All Rights Reserved.
------------------------------------------------------------------------------------
| Tool Version : Vivado v.2016.4 (lin64) Build 1756540 Mon Jan 23 19:11:19 MST 2017
| Date         : Thu Apr 20 15:38:10 2017
| Host         : acs-05.cl.cam.ac.uk running 64-bit Ubuntu 14.04.5 LTS
| Command      : upgrade_ip
| Device       : xc7z010clg400-1
------------------------------------------------------------------------------------

Upgrade Log for IP 'top_nn0_0_0'

1. Summary
----------

SUCCESS in the update of top_nn0_0_0 (user.org:user:nn0:1.0 (Rev. 9)) to current project options.






Copyright 1986-2016 Xilinx, Inc. All Rights Reserved.
------------------------------------------------------------------------------------
| Tool Version : Vivado v.2016.4 (lin64) Build 1756540 Mon Jan 23 19:11:19 MST 2017
| Date         : Thu Apr 20 14:19:00 2017
| Host         : acs-05.cl.cam.ac.uk running 64-bit Ubuntu 14.04.5 LTS
| Command      : upgrade_ip
| Device       : xc7z010clg400-1
------------------------------------------------------------------------------------

Upgrade Log for IP 'top_nn0_0_0'

1. Summary
----------

SUCCESS in the update of top_nn0_0_0 (user.org:user:nn0:1.0 (Rev. 9)) to current project options.






Copyright 1986-2016 Xilinx, Inc. All Rights Reserved.
------------------------------------------------------------------------------------
| Tool Version : Vivado v.2016.4 (lin64) Build 1756540 Mon Jan 23 19:11:19 MST 2017
| Date         : Thu Apr 20 14:07:51 2017
| Host         : acs-05.cl.cam.ac.uk running 64-bit Ubuntu 14.04.5 LTS
| Command      : upgrade_ip
| Device       : xc7z010clg400-1
------------------------------------------------------------------------------------

Upgrade Log for IP 'top_nn0_0_0'

1. Summary
----------

SUCCESS in the update of top_nn0_0_0 (user.org:user:nn0:1.0 (Rev. 9)) to current project options.






Copyright 1986-2016 Xilinx, Inc. All Rights Reserved.
------------------------------------------------------------------------------------
| Tool Version : Vivado v.2016.4 (lin64) Build 1756540 Mon Jan 23 19:11:19 MST 2017
| Date         : Thu Apr 20 13:59:18 2017
| Host         : acs-05.cl.cam.ac.uk running 64-bit Ubuntu 14.04.5 LTS
| Command      : upgrade_ip
| Device       : xc7z010clg400-1
------------------------------------------------------------------------------------

Upgrade Log for IP 'top_nn0_0_0'

1. Summary
----------

SUCCESS in the update of top_nn0_0_0 (user.org:user:nn0:1.0 (Rev. 9)) to current project options.






Copyright 1986-2016 Xilinx, Inc. All Rights Reserved.
------------------------------------------------------------------------------------
| Tool Version : Vivado v.2016.4 (lin64) Build 1756540 Mon Jan 23 19:11:19 MST 2017
| Date         : Thu Apr 20 13:52:12 2017
| Host         : acs-05.cl.cam.ac.uk running 64-bit Ubuntu 14.04.5 LTS
| Command      : upgrade_ip
| Device       : xc7z010clg400-1
------------------------------------------------------------------------------------

Upgrade Log for IP 'top_nn0_0_0'

1. Summary
----------

SUCCESS in the update of top_nn0_0_0 (user.org:user:nn0:1.0 (Rev. 9)) to current project options.






Copyright 1986-2016 Xilinx, Inc. All Rights Reserved.
------------------------------------------------------------------------------------
| Tool Version : Vivado v.2016.4 (lin64) Build 1756540 Mon Jan 23 19:11:19 MST 2017
| Date         : Thu Apr 20 13:46:02 2017
| Host         : acs-05.cl.cam.ac.uk running 64-bit Ubuntu 14.04.5 LTS
| Command      : upgrade_ip
| Device       : xc7z010clg400-1
------------------------------------------------------------------------------------

Upgrade Log for IP 'top_nn0_0_0'

1. Summary
----------

SUCCESS in the update of top_nn0_0_0 (user.org:user:nn0:1.0 (Rev. 9)) to current project options.






Copyright 1986-2016 Xilinx, Inc. All Rights Reserved.
------------------------------------------------------------------------------------
| Tool Version : Vivado v.2016.4 (lin64) Build 1756540 Mon Jan 23 19:11:19 MST 2017
| Date         : Thu Apr 20 13:22:39 2017
| Host         : acs-05.cl.cam.ac.uk running 64-bit Ubuntu 14.04.5 LTS
| Command      : upgrade_ip
| Device       : xc7z010clg400-1
------------------------------------------------------------------------------------

Upgrade Log for IP 'top_nn0_0_0'

1. Summary
----------

SUCCESS in the update of top_nn0_0_0 (user.org:user:nn0:1.0 (Rev. 9)) to current project options.






Copyright 1986-2016 Xilinx, Inc. All Rights Reserved.
------------------------------------------------------------------------------------
| Tool Version : Vivado v.2016.4 (lin64) Build 1756540 Mon Jan 23 19:11:19 MST 2017
| Date         : Thu Apr 20 13:00:19 2017
| Host         : acs-05.cl.cam.ac.uk running 64-bit Ubuntu 14.04.5 LTS
| Command      : upgrade_ip
| Device       : xc7z010clg400-1
------------------------------------------------------------------------------------

Upgrade Log for IP 'top_nn0_0_0'

1. Summary
----------

SUCCESS in the update of top_nn0_0_0 (user.org:user:nn0:1.0 (Rev. 9)) to current project options.






Copyright 1986-2016 Xilinx, Inc. All Rights Reserved.
------------------------------------------------------------------------------------
| Tool Version : Vivado v.2016.4 (lin64) Build 1756540 Mon Jan 23 19:11:19 MST 2017
| Date         : Thu Apr 20 12:47:51 2017
| Host         : acs-05.cl.cam.ac.uk running 64-bit Ubuntu 14.04.5 LTS
| Command      : upgrade_ip
| Device       : xc7z010clg400-1
------------------------------------------------------------------------------------

Upgrade Log for IP 'top_nn0_0_0'

1. Summary
----------

SUCCESS in the update of top_nn0_0_0 (user.org:user:nn0:1.0 (Rev. 9)) to current project options.






Copyright 1986-2016 Xilinx, Inc. All Rights Reserved.
------------------------------------------------------------------------------------
| Tool Version : Vivado v.2016.4 (lin64) Build 1756540 Mon Jan 23 19:11:19 MST 2017
| Date         : Thu Apr 20 12:24:32 2017
| Host         : acs-05.cl.cam.ac.uk running 64-bit Ubuntu 14.04.5 LTS
| Command      : upgrade_ip
| Device       : xc7z010clg400-1
------------------------------------------------------------------------------------

Upgrade Log for IP 'top_nn0_0_0'

1. Summary
----------

SUCCESS in the update of top_nn0_0_0 (user.org:user:nn0:1.0 (Rev. 9)) to current project options.






Copyright 1986-2016 Xilinx, Inc. All Rights Reserved.
------------------------------------------------------------------------------------
| Tool Version : Vivado v.2016.4 (lin64) Build 1756540 Mon Jan 23 19:11:19 MST 2017
| Date         : Wed Apr 19 18:18:28 2017
| Host         : svr-acs-00.cl.cam.ac.uk running 64-bit Ubuntu 14.04.5 LTS
| Command      : upgrade_ip
| Device       : xc7z010clg400-1
------------------------------------------------------------------------------------

Upgrade Log for IP 'top_nn0_0_0'

1. Summary
----------

SUCCESS in the update of top_nn0_0_0 (user.org:user:nn0:1.0 (Rev. 9)) to current project options.






Copyright 1986-2016 Xilinx, Inc. All Rights Reserved.
------------------------------------------------------------------------------------
| Tool Version : Vivado v.2016.4 (lin64) Build 1756540 Mon Jan 23 19:11:19 MST 2017
| Date         : Wed Apr 19 15:32:36 2017
| Host         : svr-acs-00.cl.cam.ac.uk running 64-bit Ubuntu 14.04.5 LTS
| Command      : upgrade_ip
| Device       : xc7z010clg400-1
------------------------------------------------------------------------------------

Upgrade Log for IP 'top_nn0_0_0'

1. Summary
----------

SUCCESS in the update of top_nn0_0_0 (user.org:user:nn0:1.0 (Rev. 9)) to current project options.






Copyright 1986-2016 Xilinx, Inc. All Rights Reserved.
------------------------------------------------------------------------------------
| Tool Version : Vivado v.2016.4 (lin64) Build 1756540 Mon Jan 23 19:11:19 MST 2017
| Date         : Wed Apr 19 15:01:25 2017
| Host         : svr-acs-00.cl.cam.ac.uk running 64-bit Ubuntu 14.04.5 LTS
| Command      : upgrade_ip
| Device       : xc7z010clg400-1
------------------------------------------------------------------------------------

Upgrade Log for IP 'top_nn0_0_0'

1. Summary
----------

SUCCESS in the update of top_nn0_0_0 (user.org:user:nn0:1.0 (Rev. 9)) to current project options.






Copyright 1986-2016 Xilinx, Inc. All Rights Reserved.
------------------------------------------------------------------------------------
| Tool Version : Vivado v.2016.4 (lin64) Build 1756540 Mon Jan 23 19:11:19 MST 2017
| Date         : Wed Apr 19 14:54:15 2017
| Host         : svr-acs-00.cl.cam.ac.uk running 64-bit Ubuntu 14.04.5 LTS
| Command      : upgrade_ip
| Device       : xc7z010clg400-1
------------------------------------------------------------------------------------

Upgrade Log for IP 'top_nn0_0_0'

1. Summary
----------

SUCCESS in the update of top_nn0_0_0 (user.org:user:nn0:1.0 (Rev. 9)) to current project options.






Copyright 1986-2016 Xilinx, Inc. All Rights Reserved.
------------------------------------------------------------------------------------
| Tool Version : Vivado v.2016.4 (lin64) Build 1756540 Mon Jan 23 19:11:19 MST 2017
| Date         : Wed Apr 19 11:25:17 2017
| Host         : svr-acs-00.cl.cam.ac.uk running 64-bit Ubuntu 14.04.5 LTS
| Command      : upgrade_ip
| Device       : xc7z010clg400-1
------------------------------------------------------------------------------------

Upgrade Log for IP 'top_nn0_0_0'

1. Summary
----------

SUCCESS in the update of top_nn0_0_0 (user.org:user:nn0:1.0 (Rev. 9)) to current project options.






Copyright 1986-2016 Xilinx, Inc. All Rights Reserved.
------------------------------------------------------------------------------------
| Tool Version : Vivado v.2016.4 (lin64) Build 1756540 Mon Jan 23 19:11:19 MST 2017
| Date         : Tue Apr 18 23:35:44 2017
| Host         : acs-05.cl.cam.ac.uk running 64-bit Ubuntu 14.04.5 LTS
| Command      : upgrade_ip
| Device       : xc7z010clg400-1
------------------------------------------------------------------------------------

Upgrade Log for IP 'top_nn0_0_0'

1. Summary
----------

SUCCESS in the update of top_nn0_0_0 (user.org:user:nn0:1.0 (Rev. 9)) to current project options.






Copyright 1986-2016 Xilinx, Inc. All Rights Reserved.
------------------------------------------------------------------------------------
| Tool Version : Vivado v.2016.4 (lin64) Build 1756540 Mon Jan 23 19:11:19 MST 2017
| Date         : Tue Apr 18 23:17:24 2017
| Host         : acs-05.cl.cam.ac.uk running 64-bit Ubuntu 14.04.5 LTS
| Command      : upgrade_ip
| Device       : xc7z010clg400-1
------------------------------------------------------------------------------------

Upgrade Log for IP 'top_nn0_0_0'

1. Summary
----------

SUCCESS in the update of top_nn0_0_0 (user.org:user:nn0:1.0 (Rev. 9)) to current project options.






Copyright 1986-2016 Xilinx, Inc. All Rights Reserved.
------------------------------------------------------------------------------------
| Tool Version : Vivado v.2016.4 (lin64) Build 1756540 Mon Jan 23 19:11:19 MST 2017
| Date         : Tue Apr 18 23:08:10 2017
| Host         : acs-05.cl.cam.ac.uk running 64-bit Ubuntu 14.04.5 LTS
| Command      : upgrade_ip
| Device       : xc7z010clg400-1
------------------------------------------------------------------------------------

Upgrade Log for IP 'top_nn0_0_0'

1. Summary
----------

SUCCESS in the update of top_nn0_0_0 (user.org:user:nn0:1.0 (Rev. 9)) to current project options.






Copyright 1986-2016 Xilinx, Inc. All Rights Reserved.
------------------------------------------------------------------------------------
| Tool Version : Vivado v.2016.4 (lin64) Build 1756540 Mon Jan 23 19:11:19 MST 2017
| Date         : Tue Apr 18 23:07:03 2017
| Host         : acs-05.cl.cam.ac.uk running 64-bit Ubuntu 14.04.5 LTS
| Command      : upgrade_ip
| Device       : xc7z010clg400-1
------------------------------------------------------------------------------------

Upgrade Log for IP 'top_nn0_0_0'

1. Summary
----------

SUCCESS in the update of top_nn0_0_0 (user.org:user:nn0:1.0 (Rev. 9)) to current project options.






Copyright 1986-2016 Xilinx, Inc. All Rights Reserved.
------------------------------------------------------------------------------------
| Tool Version : Vivado v.2016.4 (lin64) Build 1756540 Mon Jan 23 19:11:19 MST 2017
| Date         : Tue Apr 18 22:57:17 2017
| Host         : acs-05.cl.cam.ac.uk running 64-bit Ubuntu 14.04.5 LTS
| Command      : upgrade_ip
| Device       : xc7z010clg400-1
------------------------------------------------------------------------------------

Upgrade Log for IP 'top_nn0_0_0'

1. Summary
----------

SUCCESS in the update of top_nn0_0_0 (user.org:user:nn0:1.0 (Rev. 9)) to current project options.






Copyright 1986-2016 Xilinx, Inc. All Rights Reserved.
------------------------------------------------------------------------------------
| Tool Version : Vivado v.2016.4 (lin64) Build 1756540 Mon Jan 23 19:11:19 MST 2017
| Date         : Tue Apr 18 22:14:43 2017
| Host         : acs-05.cl.cam.ac.uk running 64-bit Ubuntu 14.04.5 LTS
| Command      : upgrade_ip
| Device       : xc7z010clg400-1
------------------------------------------------------------------------------------

Upgrade Log for IP 'top_nn0_0_0'

1. Summary
----------

SUCCESS in the update of top_nn0_0_0 (user.org:user:nn0:1.0 (Rev. 9)) to current project options.






Copyright 1986-2016 Xilinx, Inc. All Rights Reserved.
------------------------------------------------------------------------------------
| Tool Version : Vivado v.2016.4 (lin64) Build 1756540 Mon Jan 23 19:11:19 MST 2017
| Date         : Tue Apr 18 21:48:32 2017
| Host         : acs-05.cl.cam.ac.uk running 64-bit Ubuntu 14.04.5 LTS
| Command      : upgrade_ip
| Device       : xc7z010clg400-1
------------------------------------------------------------------------------------

Upgrade Log for IP 'top_nn0_0_0'

1. Summary
----------

SUCCESS in the update of top_nn0_0_0 (user.org:user:nn0:1.0 (Rev. 9)) to current project options.






Copyright 1986-2016 Xilinx, Inc. All Rights Reserved.
------------------------------------------------------------------------------------
| Tool Version : Vivado v.2016.4 (lin64) Build 1756540 Mon Jan 23 19:11:19 MST 2017
| Date         : Tue Apr 18 21:04:35 2017
| Host         : acs-05.cl.cam.ac.uk running 64-bit Ubuntu 14.04.5 LTS
| Command      : upgrade_ip
| Device       : xc7z010clg400-1
------------------------------------------------------------------------------------

Upgrade Log for IP 'top_nn0_0_0'

1. Summary
----------

SUCCESS in the update of top_nn0_0_0 (user.org:user:nn0:1.0 (Rev. 9)) to current project options.






Copyright 1986-2016 Xilinx, Inc. All Rights Reserved.
------------------------------------------------------------------------------------
| Tool Version : Vivado v.2016.4 (lin64) Build 1756540 Mon Jan 23 19:11:19 MST 2017
| Date         : Tue Apr 18 19:04:43 2017
| Host         : acs-05.cl.cam.ac.uk running 64-bit Ubuntu 14.04.5 LTS
| Command      : upgrade_ip
| Device       : xc7z010clg400-1
------------------------------------------------------------------------------------

Upgrade Log for IP 'top_nn0_0_0'

1. Summary
----------

SUCCESS in the update of top_nn0_0_0 (user.org:user:nn0:1.0 (Rev. 9)) to current project options.






Copyright 1986-2016 Xilinx, Inc. All Rights Reserved.
------------------------------------------------------------------------------------
| Tool Version : Vivado v.2016.4 (lin64) Build 1756540 Mon Jan 23 19:11:19 MST 2017
| Date         : Tue Apr 18 18:10:06 2017
| Host         : acs-05.cl.cam.ac.uk running 64-bit Ubuntu 14.04.5 LTS
| Command      : upgrade_ip
| Device       : xc7z010clg400-1
------------------------------------------------------------------------------------

Upgrade Log for IP 'top_nn0_0_0'

1. Summary
----------

SUCCESS in the update of top_nn0_0_0 (user.org:user:nn0:1.0 (Rev. 9)) to current project options.






Copyright 1986-2016 Xilinx, Inc. All Rights Reserved.
------------------------------------------------------------------------------------
| Tool Version : Vivado v.2016.4 (lin64) Build 1756540 Mon Jan 23 19:11:19 MST 2017
| Date         : Tue Apr 18 17:34:03 2017
| Host         : acs-05.cl.cam.ac.uk running 64-bit Ubuntu 14.04.5 LTS
| Command      : upgrade_ip
| Device       : xc7z010clg400-1
------------------------------------------------------------------------------------

Upgrade Log for IP 'top_nn0_0_0'

1. Summary
----------

SUCCESS in the update of top_nn0_0_0 (user.org:user:nn0:1.0 (Rev. 9)) to current project options.






Copyright 1986-2016 Xilinx, Inc. All Rights Reserved.
------------------------------------------------------------------------------------
| Tool Version : Vivado v.2016.4 (lin64) Build 1756540 Mon Jan 23 19:11:19 MST 2017
| Date         : Tue Apr 18 17:04:53 2017
| Host         : acs-05.cl.cam.ac.uk running 64-bit Ubuntu 14.04.5 LTS
| Command      : upgrade_ip
| Device       : xc7z010clg400-1
------------------------------------------------------------------------------------

Upgrade Log for IP 'top_nn0_0_0'

1. Summary
----------

SUCCESS in the update of top_nn0_0_0 (user.org:user:nn0:1.0 (Rev. 9)) to current project options.






Copyright 1986-2016 Xilinx, Inc. All Rights Reserved.
------------------------------------------------------------------------------------
| Tool Version : Vivado v.2016.4 (lin64) Build 1756540 Mon Jan 23 19:11:19 MST 2017
| Date         : Tue Apr 18 16:46:15 2017
| Host         : acs-05.cl.cam.ac.uk running 64-bit Ubuntu 14.04.5 LTS
| Command      : upgrade_ip
| Device       : xc7z010clg400-1
------------------------------------------------------------------------------------

Upgrade Log for IP 'top_nn0_0_0'

1. Summary
----------

SUCCESS in the update of top_nn0_0_0 (user.org:user:nn0:1.0 (Rev. 9)) to current project options.






Copyright 1986-2016 Xilinx, Inc. All Rights Reserved.
------------------------------------------------------------------------------------
| Tool Version : Vivado v.2016.4 (lin64) Build 1756540 Mon Jan 23 19:11:19 MST 2017
| Date         : Tue Apr 18 16:17:37 2017
| Host         : acs-05.cl.cam.ac.uk running 64-bit Ubuntu 14.04.5 LTS
| Command      : upgrade_ip
| Device       : xc7z010clg400-1
------------------------------------------------------------------------------------

Upgrade Log for IP 'top_nn0_0_0'

1. Summary
----------

SUCCESS in the update of top_nn0_0_0 (user.org:user:nn0:1.0 (Rev. 9)) to current project options.






Copyright 1986-2016 Xilinx, Inc. All Rights Reserved.
------------------------------------------------------------------------------------
| Tool Version : Vivado v.2016.4 (lin64) Build 1756540 Mon Jan 23 19:11:19 MST 2017
| Date         : Tue Apr 18 16:06:15 2017
| Host         : acs-05.cl.cam.ac.uk running 64-bit Ubuntu 14.04.5 LTS
| Command      : upgrade_ip
| Device       : xc7z010clg400-1
------------------------------------------------------------------------------------

Upgrade Log for IP 'top_nn0_0_0'

1. Summary
----------

SUCCESS in the update of top_nn0_0_0 (user.org:user:nn0:1.0 (Rev. 9)) to current project options.






Copyright 1986-2016 Xilinx, Inc. All Rights Reserved.
------------------------------------------------------------------------------------
| Tool Version : Vivado v.2016.4 (lin64) Build 1756540 Mon Jan 23 19:11:19 MST 2017
| Date         : Tue Apr 18 15:45:13 2017
| Host         : acs-05.cl.cam.ac.uk running 64-bit Ubuntu 14.04.5 LTS
| Command      : upgrade_ip
| Device       : xc7z010clg400-1
------------------------------------------------------------------------------------

Upgrade Log for IP 'top_nn0_0_0'

1. Summary
----------

SUCCESS in the update of top_nn0_0_0 (user.org:user:nn0:1.0 (Rev. 9)) to current project options.






Copyright 1986-2016 Xilinx, Inc. All Rights Reserved.
------------------------------------------------------------------------------------
| Tool Version : Vivado v.2016.4 (lin64) Build 1756540 Mon Jan 23 19:11:19 MST 2017
| Date         : Tue Apr 18 15:14:45 2017
| Host         : acs-05.cl.cam.ac.uk running 64-bit Ubuntu 14.04.5 LTS
| Command      : upgrade_ip
| Device       : xc7z010clg400-1
------------------------------------------------------------------------------------

Upgrade Log for IP 'top_nn0_0_0'

1. Summary
----------

SUCCESS in the update of top_nn0_0_0 (user.org:user:nn0:1.0 (Rev. 9)) to current project options.






Copyright 1986-2016 Xilinx, Inc. All Rights Reserved.
------------------------------------------------------------------------------------
| Tool Version : Vivado v.2016.4 (lin64) Build 1756540 Mon Jan 23 19:11:19 MST 2017
| Date         : Tue Apr 18 14:51:32 2017
| Host         : acs-05.cl.cam.ac.uk running 64-bit Ubuntu 14.04.5 LTS
| Command      : upgrade_ip
| Device       : xc7z010clg400-1
------------------------------------------------------------------------------------

Upgrade Log for IP 'top_nn0_0_0'

1. Summary
----------

SUCCESS in the update of top_nn0_0_0 (user.org:user:nn0:1.0 (Rev. 9)) to current project options.






Copyright 1986-2016 Xilinx, Inc. All Rights Reserved.
------------------------------------------------------------------------------------
| Tool Version : Vivado v.2016.4 (lin64) Build 1756540 Mon Jan 23 19:11:19 MST 2017
| Date         : Thu Apr 13 12:04:48 2017
| Host         : acs-07.cl.cam.ac.uk running 64-bit Ubuntu 14.04.5 LTS
| Command      : upgrade_ip
| Device       : xc7z010clg400-1
------------------------------------------------------------------------------------

Upgrade Log for IP 'top_nn0_0_0'

1. Summary
----------

SUCCESS in the upgrade of top_nn0_0_0 (user.org:user:nn0:1.0) from (Rev. 8) to (Rev. 9)






Copyright 1986-2016 Xilinx, Inc. All Rights Reserved.
------------------------------------------------------------------------------------
| Tool Version : Vivado v.2016.4 (lin64) Build 1756540 Mon Jan 23 19:11:19 MST 2017
| Date         : Tue Apr 11 18:10:24 2017
| Host         : acs-05.cl.cam.ac.uk running 64-bit Ubuntu 14.04.5 LTS
| Command      : upgrade_ip
| Device       : xc7z010clg400-1
------------------------------------------------------------------------------------

Upgrade Log for IP 'top_nn0_0_0'

1. Summary
----------

SUCCESS in the update of top_nn0_0_0 (user.org:user:nn0:1.0 (Rev. 8)) to current project options.






Copyright 1986-2016 Xilinx, Inc. All Rights Reserved.
------------------------------------------------------------------------------------
| Tool Version : Vivado v.2016.4 (lin64) Build 1756540 Mon Jan 23 19:11:19 MST 2017
| Date         : Tue Apr 11 18:08:33 2017
| Host         : acs-05.cl.cam.ac.uk running 64-bit Ubuntu 14.04.5 LTS
| Command      : upgrade_ip
| Device       : xc7z010clg400-1
------------------------------------------------------------------------------------

Upgrade Log for IP 'top_nn0_0_0'

1. Summary
----------

SUCCESS in the update of top_nn0_0_0 (user.org:user:nn0:1.0 (Rev. 8)) to current project options.






Copyright 1986-2016 Xilinx, Inc. All Rights Reserved.
------------------------------------------------------------------------------------
| Tool Version : Vivado v.2016.4 (lin64) Build 1756540 Mon Jan 23 19:11:19 MST 2017
| Date         : Tue Apr 11 17:48:44 2017
| Host         : acs-05.cl.cam.ac.uk running 64-bit Ubuntu 14.04.5 LTS
| Command      : upgrade_ip
| Device       : xc7z010clg400-1
------------------------------------------------------------------------------------

Upgrade Log for IP 'top_nn0_0_0'

1. Summary
----------

SUCCESS in the upgrade of top_nn0_0_0 (user.org:user:nn0:1.0) from (Rev. 7) to (Rev. 8)






Copyright 1986-2016 Xilinx, Inc. All Rights Reserved.
------------------------------------------------------------------------------------
| Tool Version : Vivado v.2016.4 (lin64) Build 1756540 Mon Jan 23 19:11:19 MST 2017
| Date         : Tue Apr 11 17:23:36 2017
| Host         : acs-05.cl.cam.ac.uk running 64-bit Ubuntu 14.04.5 LTS
| Command      : upgrade_ip
| Device       : xc7z010clg400-1
------------------------------------------------------------------------------------

Upgrade Log for IP 'top_nn0_0_0'

1. Summary
----------

SUCCESS in the upgrade of top_nn0_0_0 (user.org:user:nn0:1.0) from (Rev. 5) to (Rev. 7)






Copyright 1986-2016 Xilinx, Inc. All Rights Reserved.
------------------------------------------------------------------------------------
| Tool Version : Vivado v.2016.4 (lin64) Build 1756540 Mon Jan 23 19:11:19 MST 2017
| Date         : Tue Apr 11 14:17:17 2017
| Host         : acs-05.cl.cam.ac.uk running 64-bit Ubuntu 14.04.5 LTS
| Command      : upgrade_ip
| Device       : xc7z010clg400-1
------------------------------------------------------------------------------------

Upgrade Log for IP 'top_nn0_0_0'

1. Summary
----------

SUCCESS in the update of top_nn0_0_0 (user.org:user:nn0:1.0 (Rev. 5)) to current project options.






Copyright 1986-2016 Xilinx, Inc. All Rights Reserved.
------------------------------------------------------------------------------------
| Tool Version : Vivado v.2016.4 (lin64) Build 1756540 Mon Jan 23 19:11:19 MST 2017
| Date         : Tue Apr 11 13:55:56 2017
| Host         : acs-05.cl.cam.ac.uk running 64-bit Ubuntu 14.04.5 LTS
| Command      : upgrade_ip
| Device       : xc7z010clg400-1
------------------------------------------------------------------------------------

Upgrade Log for IP 'top_nn0_0_0'

1. Summary
----------

SUCCESS in the update of top_nn0_0_0 (user.org:user:nn0:1.0 (Rev. 5)) to current project options.






Copyright 1986-2016 Xilinx, Inc. All Rights Reserved.
------------------------------------------------------------------------------------
| Tool Version : Vivado v.2016.4 (lin64) Build 1756540 Mon Jan 23 19:11:19 MST 2017
| Date         : Tue Apr 11 13:47:51 2017
| Host         : acs-05.cl.cam.ac.uk running 64-bit Ubuntu 14.04.5 LTS
| Command      : upgrade_ip
| Device       : xc7z010clg400-1
------------------------------------------------------------------------------------

Upgrade Log for IP 'top_nn0_0_0'

1. Summary
----------

SUCCESS in the upgrade of top_nn0_0_0 (user.org:user:nn0:1.0) from (Rev. 4) to (Rev. 5)






Copyright 1986-2016 Xilinx, Inc. All Rights Reserved.
------------------------------------------------------------------------------------
| Tool Version : Vivado v.2016.4 (lin64) Build 1756540 Mon Jan 23 19:11:19 MST 2017
| Date         : Tue Apr 11 13:40:39 2017
| Host         : acs-05.cl.cam.ac.uk running 64-bit Ubuntu 14.04.5 LTS
| Command      : upgrade_ip
| Device       : xc7z010clg400-1
------------------------------------------------------------------------------------

Upgrade Log for IP 'top_nn0_0_0'

1. Summary
----------

SUCCESS in the upgrade of top_nn0_0_0 (user.org:user:nn0:1.0) from (Rev. 3) to (Rev. 4)

